Log file open, 05/26/19 18:10:44
LogWindows: Failed to load 'aqProf.dll' (GetLastError=126)
LogWindows: File 'aqProf.dll' does not exist
LogWindows: Failed to load 'VtuneApi.dll' (GetLastError=126)
LogWindows: File 'VtuneApi.dll' does not exist
LogWindows: Failed to load 'VtuneApi32e.dll' (GetLastError=126)
LogWindows: File 'VtuneApi32e.dll' does not exist
LogConsoleResponse: Display: Failed to find resolution value strings in scalability ini. Falling back to default.
LogInit: Display: Running engine for game: pbateman_platformer
LogPakFile: Registered encryption key '00000000000000000000000000000000': 0 pak files mounted, 0 remain pending
LogPlatformFile: Not using cached read wrapper
LogTaskGraph: Started task graph with 5 named threads and 23 total threads with 3 sets of task threads.
LogStats: Stats thread started at 0.263803
LogD3D11RHI: Loaded GFSDK_Aftermath_Lib.x64.dll
LogICUInternationalization: ICU TimeZone Detection - Raw Offset: +10:00, Platform Override: ''
LogPluginManager: Mounting plugin Paper2D
LogPluginManager: Mounting plugin AISupport
LogPluginManager: Mounting plugin LightPropagationVolume
LogPluginManager: Mounting plugin ActorLayerUtilities
LogPluginManager: Mounting plugin CLionSourceCodeAccess
LogPluginManager: Mounting plugin CodeLiteSourceCodeAccess
LogPluginManager: Mounting plugin GitSourceControl
LogPluginManager: Mounting plugin KDevelopSourceCodeAccess
LogPluginManager: Mounting plugin NullSourceCodeAccess
LogPluginManager: Mounting plugin PerforceSourceControl
LogPluginManager: Mounting plugin SubversionSourceControl
LogPluginManager: Mounting plugin UObjectPlugin
LogPluginManager: Mounting plugin VisualStudioCodeSourceCodeAccess
LogPluginManager: Mounting plugin VisualStudioSourceCodeAccess
LogPluginManager: Mounting plugin XCodeSourceCodeAccess
LogPluginManager: Mounting plugin AssetManagerEditor
LogPluginManager: Mounting plugin CryptoKeys
LogPluginManager: Mounting plugin DataValidation
LogPluginManager: Mounting plugin FacialAnimation
LogPluginManager: Mounting plugin GameplayTagsEditor
LogPluginManager: Mounting plugin MacGraphicsSwitching
LogPluginManager: Mounting plugin MeshEditor
LogPluginManager: Mounting plugin MobileLauncherProfileWizard
LogPluginManager: Mounting plugin PluginBrowser
LogPluginManager: Mounting plugin SpeedTreeImporter
LogPluginManager: Mounting plugin DatasmithContent
LogPluginManager: Mounting plugin VariantManagerContent
LogPluginManager: Mounting plugin AlembicImporter
LogPluginManager: Mounting plugin AppleImageUtils
LogPluginManager: Mounting plugin AppleVision
LogPluginManager: Mounting plugin BackChannel
LogPluginManager: Mounting plugin CharacterAI
LogPluginManager: Mounting plugin GeometryCache
LogPluginManager: Mounting plugin HTML5Networking
LogPluginManager: Mounting plugin ProxyLODPlugin
LogPluginManager: Mounting plugin MagicLeap
LogPluginManager: Mounting plugin MagicLeapMedia
LogPluginManager: Mounting plugin AndroidMedia
LogPluginManager: Mounting plugin AvfMedia
LogPluginManager: Mounting plugin ImgMedia
LogPluginManager: Mounting plugin LinearTimecode
LogPluginManager: Mounting plugin MediaCompositing
LogPluginManager: Mounting plugin MediaPlayerEditor
LogPluginManager: Mounting plugin WebMMedia
LogPluginManager: Mounting plugin WmfMedia
LogPluginManager: Mounting plugin TcpMessaging
LogPluginManager: Mounting plugin UdpMessaging
LogPluginManager: Mounting plugin ActorSequence
LogPluginManager: Mounting plugin LevelSequenceEditor
LogPluginManager: Mounting plugin MatineeToLevelSequence
LogPluginManager: Mounting plugin NetcodeUnitTest
LogPluginManager: Mounting plugin NUTUnrealEngine4
LogPluginManager: Mounting plugin OnlineSubsystemGooglePlay
LogPluginManager: Mounting plugin OnlineSubsystemIOS
LogPluginManager: Mounting plugin OnlineSubsystem
LogPluginManager: Mounting plugin OnlineSubsystemNull
LogPluginManager: Mounting plugin OnlineSubsystemUtils
LogPluginManager: Mounting plugin LauncherChunkInstaller
LogPluginManager: Mounting plugin AndroidDeviceProfileSelector
LogPluginManager: Mounting plugin AndroidMoviePlayer
LogPluginManager: Mounting plugin AndroidPermission
LogPluginManager: Mounting plugin AppleMoviePlayer
LogPluginManager: Mounting plugin ArchVisCharacter
LogPluginManager: Mounting plugin AudioCapture
LogPluginManager: Mounting plugin CableComponent
LogPluginManager: Mounting plugin CustomMeshComponent
LogPluginManager: Mounting plugin EditableMesh
LogPluginManager: Mounting plugin ExampleDeviceProfileSelector
LogPluginManager: Mounting plugin Firebase
LogPluginManager: Mounting plugin GoogleCloudMessaging
LogPluginManager: Mounting plugin IOSDeviceProfileSelector
LogPluginManager: Mounting plugin LinuxDeviceProfileSelector
LogPluginManager: Mounting plugin LocationServicesBPLibrary
LogPluginManager: Mounting plugin MobilePatchingUtils
LogPluginManager: Mounting plugin OculusVR
LogPluginManager: Mounting plugin PhysXVehicles
LogPluginManager: Mounting plugin ProceduralMeshComponent
LogPluginManager: Mounting plugin RuntimePhysXCooking
LogPluginManager: Mounting plugin SteamVR
LogPluginManager: Mounting plugin WebMMoviePlayer
LogPluginManager: Mounting plugin WindowsMoviePlayer
LogStreaming: Display: Took  0.078s to configure plugins.
LogInit: Using libcurl 7.55.1-DEV
LogInit:  - built for x86_64-pc-win32
LogInit:  - supports SSL with OpenSSL/1.0.2h
LogInit:  - supports HTTP deflate (compression) using libz 1.2.8
LogInit:  - other features:
LogInit:      CURL_VERSION_SSL
LogInit:      CURL_VERSION_LIBZ
LogInit:      CURL_VERSION_IPV6
LogInit:      CURL_VERSION_ASYNCHDNS
LogInit:      CURL_VERSION_LARGEFILE
LogInit:      CURL_VERSION_IDN
LogInit:  CurlRequestOptions (configurable via config and command line):
LogInit:  - bVerifyPeer = true  - Libcurl will verify peer certificate
LogInit:  - bUseHttpProxy = false  - Libcurl will NOT use HTTP proxy
LogInit:  - bDontReuseConnections = false  - Libcurl will reuse connections
LogInit:  - MaxHostConnections = 16  - Libcurl will limit the number of connections to a host
LogInit:  - LocalHostAddr = Default
LogInit:  - BufferSize = 65536
LogInit: WinSock: version 1.1 (2.2), MaxSocks=32767, MaxUdp=65467
LogInit: Build: ++UE4+Release-4.21-CL-4753647
LogInit: Engine Version: 4.21.2-4753647+++UE4+Release-4.21
LogInit: Compatible Engine Version: 4.21.0-4541578+++UE4+Release-4.21
LogInit: Net CL: 4541578
LogInit: OS: Windows 10 (), CPU: Intel(R) Core(TM) i7-6700K CPU @ 4.00GHz, GPU: NVIDIA GeForce GTX 1080 Ti
LogInit: Compiled (64-bit): Jan 19 2019 02:07:31
LogInit: Compiled with Visual C++: 19.13.26129.00
LogInit: Build Configuration: Development
LogInit: Branch Name: ++UE4+Release-4.21
LogInit: Command Line: 
LogInit: Base Directory: C:/Program Files (x86)/Unreal Engine/UE_4.21/Engine/Binaries/Win64/
LogInit: Installed Engine Build: 1
LogDevObjectVersion: Number of dev versions registered: 22
LogDevObjectVersion:   Dev-Blueprints (B0D832E4-1F89-4F0D-ACCF-7EB736FD4AA2): 10
LogDevObjectVersion:   Dev-Build (E1C64328-A22C-4D53-A36C-8E866417BD8C): 0
LogDevObjectVersion:   Dev-Core (375EC13C-06E4-48FB-B500-84F0262A717E): 2
LogDevObjectVersion:   Dev-Editor (E4B068ED-F494-42E9-A231-DA0B2E46BB41): 26
LogDevObjectVersion:   Dev-Framework (CFFC743F-43B0-4480-9391-14DF171D2073): 34
LogDevObjectVersion:   Dev-Mobile (B02B49B5-BB20-44E9-A304-32B752E40360): 2
LogDevObjectVersion:   Dev-Networking (A4E4105C-59A1-49B5-A7C5-40C4547EDFEE): 0
LogDevObjectVersion:   Dev-Online (39C831C9-5AE6-47DC-9A44-9C173E1C8E7C): 0
LogDevObjectVersion:   Dev-Physics (78F01B33-EBEA-4F98-B9B4-84EACCB95AA2): 0
LogDevObjectVersion:   Dev-Platform (6631380F-2D4D-43E0-8009-CF276956A95A): 0
LogDevObjectVersion:   Dev-Rendering (12F88B9F-8875-4AFC-A67C-D90C383ABD29): 27
LogDevObjectVersion:   Dev-Sequencer (7B5AE74C-D270-4C10-A958-57980B212A5A): 9
LogDevObjectVersion:   Dev-VR (D7296918-1DD6-4BDD-9DE2-64A83CC13884): 2
LogDevObjectVersion:   Dev-LoadTimes (C2A15278-BFE7-4AFE-6C17-90FF531DF755): 1
LogDevObjectVersion:   Private-Geometry (6EACA3D4-40EC-4CC1-B786-8BED09428FC5): 3
LogDevObjectVersion:   Dev-AnimPhys (29E575DD-E0A3-4627-9D10-D276232CDCEA): 17
LogDevObjectVersion:   Dev-Anim (AF43A65D-7FD3-4947-9873-3E8ED9C1BB05): 2
LogDevObjectVersion:   Dev-ReflectionCapture (6B266CEC-1EC7-4B8F-A30B-E4D90942FC07): 1
LogDevObjectVersion:   Dev-Automation (0DF73D61-A23F-47EA-B727-89E90C41499A): 1
LogDevObjectVersion:   FortniteMain (601D1886-AC64-4F84-AA16-D3DE0DEAC7D6): 17
LogDevObjectVersion:   Dev-Enterprise (9DFFBCD6-494F-0158-E221-12823C92A888): 4
LogDevObjectVersion:   Dev-Niagara (F2AED0AC-9AFE-416F-8664-AA7FFA26D6FC): 1
LogStreaming: Display: Took  0.002s to delete old logs.
LogInit: Presizing for max 8388607 objects, including 0 objects not considered by GC, pre-allocating 0 bytes for permanent pool.
LogInit: Object subsystem initialized
LogConfig: Setting CVar [[con.DebugEarlyDefault:1]]
LogConfig: Setting CVar [[r.setres:1280x720]]
[2019.05.26-08.10.44:924][  0]LogConfig: Setting CVar [[r.VSync:0]]
[2019.05.26-08.10.44:924][  0]LogConfig: Setting CVar [[r.RHICmdBypass:0]]
[2019.05.26-08.10.44:924][  0]LogConfig: Applying CVar settings from Section [/Script/Engine.RendererSettings] File [C:/Users/Pete/Desktop/GitHub/peteplatformer/pbateman_platformer/Saved/Config/Windows/Engine.ini]
[2019.05.26-08.10.44:924][  0]LogConfig: Setting CVar [[r.GPUCrashDebugging:0]]
[2019.05.26-08.10.44:924][  0]LogConfig: Setting CVar [[r.DefaultFeature.AutoExposure:0]]
[2019.05.26-08.10.44:924][  0]LogConfig: Applying CVar settings from Section [/Script/Engine.RendererOverrideSettings] File [C:/Users/Pete/Desktop/GitHub/peteplatformer/pbateman_platformer/Saved/Config/Windows/Engine.ini]
[2019.05.26-08.10.44:924][  0]LogConfig: Applying CVar settings from Section [/Script/Engine.StreamingSettings] File [C:/Users/Pete/Desktop/GitHub/peteplatformer/pbateman_platformer/Saved/Config/Windows/Engine.ini]
[2019.05.26-08.10.44:924][  0]LogConfig: Setting CVar [[s.MinBulkDataSizeForAsyncLoading:131072]]
[2019.05.26-08.10.44:924][  0]LogConfig: Setting CVar [[s.AsyncLoadingThreadEnabled:0]]
[2019.05.26-08.10.44:924][  0]LogConfig: Setting CVar [[s.EventDrivenLoaderEnabled:1]]
[2019.05.26-08.10.44:924][  0]LogConfig: Setting CVar [[s.WarnIfTimeLimitExceeded:0]]
[2019.05.26-08.10.44:924][  0]LogConfig: Setting CVar [[s.TimeLimitExceededMultiplier:1.5]]
[2019.05.26-08.10.44:924][  0]LogConfig: Setting CVar [[s.TimeLimitExceededMinTime:0.005]]
[2019.05.26-08.10.44:924][  0]LogConfig: Setting CVar [[s.UseBackgroundLevelStreaming:1]]
[2019.05.26-08.10.44:924][  0]LogConfig: Setting CVar [[s.PriorityAsyncLoadingExtraTime:15.0]]
[2019.05.26-08.10.44:924][  0]LogConfig: Setting CVar [[s.LevelStreamingActorsUpdateTimeLimit:5.0]]
[2019.05.26-08.10.44:924][  0]LogConfig: Setting CVar [[s.PriorityLevelStreamingActorsUpdateExtraTime:5.0]]
[2019.05.26-08.10.44:924][  0]LogConfig: Setting CVar [[s.LevelStreamingComponentsRegistrationGranularity:10]]
[2019.05.26-08.10.44:924][  0]LogConfig: Setting CVar [[s.UnregisterComponentsTimeLimit:1.0]]
[2019.05.26-08.10.44:924][  0]LogConfig: Setting CVar [[s.LevelStreamingComponentsUnregistrationGranularity:5]]
[2019.05.26-08.10.44:924][  0]LogConfig: Applying CVar settings from Section [/Script/Engine.GarbageCollectionSettings] File [C:/Users/Pete/Desktop/GitHub/peteplatformer/pbateman_platformer/Saved/Config/Windows/Engine.ini]
[2019.05.26-08.10.44:924][  0]LogConfig: Setting CVar [[gc.MaxObjectsNotConsideredByGC:1]]
[2019.05.26-08.10.44:924][  0]LogConfig: Setting CVar [[gc.SizeOfPermanentObjectPool:0]]
[2019.05.26-08.10.44:925][  0]LogConfig: Setting CVar [[gc.FlushStreamingOnGC:0]]
[2019.05.26-08.10.44:925][  0]LogConfig: Setting CVar [[gc.NumRetriesBeforeForcingGC:10]]
[2019.05.26-08.10.44:925][  0]LogConfig: Setting CVar [[gc.AllowParallelGC:1]]
[2019.05.26-08.10.44:925][  0]LogConfig: Setting CVar [[gc.TimeBetweenPurgingPendingKillObjects:61.1]]
[2019.05.26-08.10.44:925][  0]LogConfig: Setting CVar [[gc.MaxObjectsInEditor:8388607]]
[2019.05.26-08.10.44:925][  0]LogConfig: Setting CVar [[gc.IncrementalBeginDestroyEnabled:1]]
[2019.05.26-08.10.44:925][  0]LogConfig: Setting CVar [[gc.CreateGCClusters:1]]
[2019.05.26-08.10.44:925][  0]LogConfig: Setting CVar [[gc.MergeGCClusters:0]]
[2019.05.26-08.10.44:925][  0]LogConfig: Setting CVar [[gc.MinGCClusterSize:5]]
[2019.05.26-08.10.44:925][  0]LogConfig: Setting CVar [[gc.ActorClusteringEnabled:0]]
[2019.05.26-08.10.44:925][  0]LogConfig: Setting CVar [[gc.BlueprintClusteringEnabled:0]]
[2019.05.26-08.10.44:925][  0]LogConfig: Setting CVar [[gc.UseDisregardForGCOnDedicatedServers:0]]
[2019.05.26-08.10.44:925][  0]LogConfig: Applying CVar settings from Section [/Script/Engine.NetworkSettings] File [C:/Users/Pete/Desktop/GitHub/peteplatformer/pbateman_platformer/Saved/Config/Windows/Engine.ini]
[2019.05.26-08.10.44:925][  0]LogConfig: Applying CVar settings from Section [/Script/UnrealEd.CookerSettings] File [C:/Users/Pete/Desktop/GitHub/peteplatformer/pbateman_platformer/Saved/Config/Windows/Engine.ini]
[2019.05.26-08.10.44:929][  0]LogConfig: Applying CVar settings from Section [ViewDistanceQuality@3] File [C:/Users/Pete/Desktop/GitHub/peteplatformer/pbateman_platformer/Saved/Config/Windows/Scalability.ini]
[2019.05.26-08.10.44:929][  0]LogConfig: Setting CVar [[r.SkeletalMeshLODBias:0]]
[2019.05.26-08.10.44:929][  0]LogConfig: Setting CVar [[r.ViewDistanceScale:1.0]]
[2019.05.26-08.10.44:929][  0]LogConfig: Applying CVar settings from Section [AntiAliasingQuality@3] File [C:/Users/Pete/Desktop/GitHub/peteplatformer/pbateman_platformer/Saved/Config/Windows/Scalability.ini]
[2019.05.26-08.10.44:929][  0]LogConfig: Setting CVar [[r.PostProcessAAQuality:4]]
[2019.05.26-08.10.44:929][  0]LogConfig: Applying CVar settings from Section [ShadowQuality@3] File [C:/Users/Pete/Desktop/GitHub/peteplatformer/pbateman_platformer/Saved/Config/Windows/Scalability.ini]
[2019.05.26-08.10.44:929][  0]LogConfig: Setting CVar [[r.LightFunctionQuality:1]]
[2019.05.26-08.10.44:929][  0]LogConfig: Setting CVar [[r.ShadowQuality:5]]
[2019.05.26-08.10.44:929][  0]LogConfig: Setting CVar [[r.Shadow.CSM.MaxCascades:10]]
[2019.05.26-08.10.44:929][  0]LogConfig: Setting CVar [[r.Shadow.MaxResolution:2048]]
[2019.05.26-08.10.44:929][  0]LogConfig: Setting CVar [[r.Shadow.MaxCSMResolution:2048]]
[2019.05.26-08.10.44:929][  0]LogConfig: Setting CVar [[r.Shadow.RadiusThreshold:0.01]]
[2019.05.26-08.10.44:929][  0]LogConfig: Setting CVar [[r.Shadow.DistanceScale:1.0]]
[2019.05.26-08.10.44:929][  0]LogConfig: Setting CVar [[r.Shadow.CSM.TransitionScale:1.0]]
[2019.05.26-08.10.44:929][  0]LogConfig: Setting CVar [[r.Shadow.PreShadowResolutionFactor:1.0]]
[2019.05.26-08.10.44:929][  0]LogConfig: Setting CVar [[r.DistanceFieldShadowing:1]]
[2019.05.26-08.10.44:929][  0]LogConfig: Setting CVar [[r.DistanceFieldAO:1]]
[2019.05.26-08.10.44:929][  0]LogConfig: Setting CVar [[r.AOQuality:2]]
[2019.05.26-08.10.44:929][  0]LogConfig: Setting CVar [[r.VolumetricFog:1]]
[2019.05.26-08.10.44:929][  0]LogConfig: Setting CVar [[r.VolumetricFog.GridPixelSize:8]]
[2019.05.26-08.10.44:929][  0]LogConfig: Setting CVar [[r.VolumetricFog.GridSizeZ:128]]
[2019.05.26-08.10.44:929][  0]LogConfig: Setting CVar [[r.VolumetricFog.HistoryMissSupersampleCount:4]]
[2019.05.26-08.10.44:929][  0]LogConfig: Setting CVar [[r.LightMaxDrawDistanceScale:1]]
[2019.05.26-08.10.44:929][  0]LogConfig: Setting CVar [[r.CapsuleShadows:1]]
[2019.05.26-08.10.44:929][  0]LogConfig: Applying CVar settings from Section [PostProcessQuality@3] File [C:/Users/Pete/Desktop/GitHub/peteplatformer/pbateman_platformer/Saved/Config/Windows/Scalability.ini]
[2019.05.26-08.10.44:929][  0]LogConfig: Setting CVar [[r.MotionBlurQuality:4]]
[2019.05.26-08.10.44:929][  0]LogConfig: Setting CVar [[r.AmbientOcclusionMipLevelFactor:0.4]]
[2019.05.26-08.10.44:929][  0]LogConfig: Setting CVar [[r.AmbientOcclusionMaxQuality:100]]
[2019.05.26-08.10.44:929][  0]LogConfig: Setting CVar [[r.AmbientOcclusionLevels:-1]]
[2019.05.26-08.10.44:929][  0]LogConfig: Setting CVar [[r.AmbientOcclusionRadiusScale:1.0]]
[2019.05.26-08.10.44:929][  0]LogConfig: Setting CVar [[r.DepthOfFieldQuality:2]]
[2019.05.26-08.10.44:929][  0]LogConfig: Setting CVar [[r.RenderTargetPoolMin:400]]
[2019.05.26-08.10.44:929][  0]LogConfig: Setting CVar [[r.LensFlareQuality:2]]
[2019.05.26-08.10.44:929][  0]LogConfig: Setting CVar [[r.SceneColorFringeQuality:1]]
[2019.05.26-08.10.44:929][  0]LogConfig: Setting CVar [[r.EyeAdaptationQuality:2]]
[2019.05.26-08.10.44:929][  0]LogConfig: Setting CVar [[r.BloomQuality:5]]
[2019.05.26-08.10.44:929][  0]LogConfig: Setting CVar [[r.FastBlurThreshold:100]]
[2019.05.26-08.10.44:929][  0]LogConfig: Setting CVar [[r.Upscale.Quality:3]]
[2019.05.26-08.10.44:929][  0]LogConfig: Setting CVar [[r.Tonemapper.GrainQuantization:1]]
[2019.05.26-08.10.44:929][  0]LogConfig: Setting CVar [[r.LightShaftQuality:1]]
[2019.05.26-08.10.44:929][  0]LogConfig: Setting CVar [[r.Filter.SizeScale:1]]
[2019.05.26-08.10.44:929][  0]LogConfig: Setting CVar [[r.Tonemapper.Quality:5]]
[2019.05.26-08.10.44:930][  0]LogConfig: Setting CVar [[r.DOF.Gather.AccumulatorQuality:1        ; higher gathering accumulator quality]]
[2019.05.26-08.10.44:930][  0]LogConfig: Setting CVar [[r.DOF.Gather.PostfilterMethod:1          ; Median3x3 postfilering method]]
[2019.05.26-08.10.44:930][  0]LogConfig: Setting CVar [[r.DOF.Gather.EnableBokehSettings:0       ; no bokeh simulation when gathering]]
[2019.05.26-08.10.44:930][  0]LogConfig: Setting CVar [[r.DOF.Gather.RingCount:4                 ; medium number of samples when gathering]]
[2019.05.26-08.10.44:930][  0]LogConfig: Setting CVar [[r.DOF.Scatter.ForegroundCompositing:1    ; additive foreground scattering]]
[2019.05.26-08.10.44:930][  0]LogConfig: Setting CVar [[r.DOF.Scatter.BackgroundCompositing:2    ; additive background scattering]]
[2019.05.26-08.10.44:930][  0]LogConfig: Setting CVar [[r.DOF.Scatter.EnableBokehSettings:1      ; bokeh simulation when scattering]]
[2019.05.26-08.10.44:930][  0]LogConfig: Setting CVar [[r.DOF.Scatter.MaxSpriteRatio:0.1         ; only a maximum of 10% of scattered bokeh]]
[2019.05.26-08.10.44:930][  0]LogConfig: Setting CVar [[r.DOF.Recombine.Quality:1                ; cheap slight out of focus]]
[2019.05.26-08.10.44:930][  0]LogConfig: Setting CVar [[r.DOF.Recombine.EnableBokehSettings:0    ; no bokeh simulation on slight out of focus]]
[2019.05.26-08.10.44:930][  0]LogConfig: Setting CVar [[r.DOF.TemporalAAQuality:1                ; more stable temporal accumulation]]
[2019.05.26-08.10.44:930][  0]LogConfig: Setting CVar [[r.DOF.Kernel.MaxForegroundRadius:0.025]]
[2019.05.26-08.10.44:930][  0]LogConfig: Setting CVar [[r.DOF.Kernel.MaxBackgroundRadius:0.025]]
[2019.05.26-08.10.44:930][  0]LogConfig: Applying CVar settings from Section [TextureQuality@3] File [C:/Users/Pete/Desktop/GitHub/peteplatformer/pbateman_platformer/Saved/Config/Windows/Scalability.ini]
[2019.05.26-08.10.44:930][  0]LogConfig: Setting CVar [[r.Streaming.MipBias:0]]
[2019.05.26-08.10.44:930][  0]LogConfig: Setting CVar [[r.Streaming.AmortizeCPUToGPUCopy:0]]
[2019.05.26-08.10.44:930][  0]LogConfig: Setting CVar [[r.Streaming.MaxNumTexturesToStreamPerFrame:0]]
[2019.05.26-08.10.44:930][  0]LogConfig: Setting CVar [[r.Streaming.Boost:1]]
[2019.05.26-08.10.44:930][  0]LogConfig: Setting CVar [[r.MaxAnisotropy:8]]
[2019.05.26-08.10.44:930][  0]LogConfig: Setting CVar [[r.Streaming.LimitPoolSizeToVRAM:0]]
[2019.05.26-08.10.44:930][  0]LogConfig: Setting CVar [[r.Streaming.PoolSize:1000]]
[2019.05.26-08.10.44:930][  0]LogConfig: Setting CVar [[r.Streaming.MaxEffectiveScreenSize:0]]
[2019.05.26-08.10.44:930][  0]LogConfig: Applying CVar settings from Section [EffectsQuality@3] File [C:/Users/Pete/Desktop/GitHub/peteplatformer/pbateman_platformer/Saved/Config/Windows/Scalability.ini]
[2019.05.26-08.10.44:930][  0]LogConfig: Setting CVar [[r.TranslucencyLightingVolumeDim:64]]
[2019.05.26-08.10.44:930][  0]LogConfig: Setting CVar [[r.RefractionQuality:2]]
[2019.05.26-08.10.44:930][  0]LogConfig: Setting CVar [[r.SSR.Quality:3]]
[2019.05.26-08.10.44:930][  0]LogConfig: Setting CVar [[r.SceneColorFormat:4]]
[2019.05.26-08.10.44:930][  0]LogConfig: Setting CVar [[r.DetailMode:2]]
[2019.05.26-08.10.44:930][  0]LogConfig: Setting CVar [[r.TranslucencyVolumeBlur:1]]
[2019.05.26-08.10.44:930][  0]LogConfig: Setting CVar [[r.MaterialQualityLevel:1 ; High quality]]
[2019.05.26-08.10.44:930][  0]LogConfig: Setting CVar [[r.SSS.Scale:1]]
[2019.05.26-08.10.44:930][  0]LogConfig: Setting CVar [[r.SSS.SampleSet:2]]
[2019.05.26-08.10.44:930][  0]LogConfig: Setting CVar [[r.SSS.Quality:1]]
[2019.05.26-08.10.44:930][  0]LogConfig: Setting CVar [[r.SSS.HalfRes:1]]
[2019.05.26-08.10.44:930][  0]LogConfig: Setting CVar [[r.EmitterSpawnRateScale:1.0]]
[2019.05.26-08.10.44:930][  0]LogConfig: Setting CVar [[r.ParticleLightQuality:2]]
[2019.05.26-08.10.44:930][  0]LogConfig: Applying CVar settings from Section [FoliageQuality@3] File [C:/Users/Pete/Desktop/GitHub/peteplatformer/pbateman_platformer/Saved/Config/Windows/Scalability.ini]
[2019.05.26-08.10.44:930][  0]LogConfig: Setting CVar [[foliage.DensityScale:1.0]]
[2019.05.26-08.10.44:930][  0]LogConfig: Setting CVar [[grass.DensityScale:1.0]]
[2019.05.26-08.10.44:930][  0]LogInit: Selected Device Profile: [Windows]
[2019.05.26-08.10.44:930][  0]LogInit: Applying CVar settings loaded from the selected device profile: [Windows]
[2019.05.26-08.10.44:945][  0]LogHAL: Display: Platform has ~ 16 GB [17101180928 / 17179869184 / 16], which maps to Larger [LargestMinGB=32, LargerMinGB=12, DefaultMinGB=8, SmallerMinGB=6, SmallestMinGB=0)
[2019.05.26-08.10.44:945][  0]LogConfig: Setting CVar [[r.Vulkan.UseRealUBs:1]]
[2019.05.26-08.10.44:945][  0]LogInit: Going up to parent DeviceProfile []
[2019.05.26-08.10.44:945][  0]LogConfig: Applying CVar settings from Section [ViewDistanceQuality@3] File [C:/Users/Pete/Desktop/GitHub/peteplatformer/pbateman_platformer/Saved/Config/Windows/Scalability.ini]
[2019.05.26-08.10.44:945][  0]LogConfig: Setting CVar [[r.SkeletalMeshLODBias:0]]
[2019.05.26-08.10.44:945][  0]LogConfig: Setting CVar [[r.ViewDistanceScale:1.0]]
[2019.05.26-08.10.44:945][  0]LogConfig: Applying CVar settings from Section [AntiAliasingQuality@3] File [C:/Users/Pete/Desktop/GitHub/peteplatformer/pbateman_platformer/Saved/Config/Windows/Scalability.ini]
[2019.05.26-08.10.44:945][  0]LogConfig: Setting CVar [[r.PostProcessAAQuality:4]]
[2019.05.26-08.10.44:945][  0]LogConfig: Applying CVar settings from Section [ShadowQuality@3] File [C:/Users/Pete/Desktop/GitHub/peteplatformer/pbateman_platformer/Saved/Config/Windows/Scalability.ini]
[2019.05.26-08.10.44:945][  0]LogConfig: Setting CVar [[r.LightFunctionQuality:1]]
[2019.05.26-08.10.44:945][  0]LogConfig: Setting CVar [[r.ShadowQuality:5]]
[2019.05.26-08.10.44:946][  0]LogConfig: Setting CVar [[r.Shadow.CSM.MaxCascades:10]]
[2019.05.26-08.10.44:946][  0]LogConfig: Setting CVar [[r.Shadow.MaxResolution:2048]]
[2019.05.26-08.10.44:946][  0]LogConfig: Setting CVar [[r.Shadow.MaxCSMResolution:2048]]
[2019.05.26-08.10.44:946][  0]LogConfig: Setting CVar [[r.Shadow.RadiusThreshold:0.01]]
[2019.05.26-08.10.44:946][  0]LogConfig: Setting CVar [[r.Shadow.DistanceScale:1.0]]
[2019.05.26-08.10.44:946][  0]LogConfig: Setting CVar [[r.Shadow.CSM.TransitionScale:1.0]]
[2019.05.26-08.10.44:946][  0]LogConfig: Setting CVar [[r.Shadow.PreShadowResolutionFactor:1.0]]
[2019.05.26-08.10.44:946][  0]LogConfig: Setting CVar [[r.DistanceFieldShadowing:1]]
[2019.05.26-08.10.44:946][  0]LogConfig: Setting CVar [[r.DistanceFieldAO:1]]
[2019.05.26-08.10.44:946][  0]LogConfig: Setting CVar [[r.AOQuality:2]]
[2019.05.26-08.10.44:946][  0]LogConfig: Setting CVar [[r.VolumetricFog:1]]
[2019.05.26-08.10.44:946][  0]LogConfig: Setting CVar [[r.VolumetricFog.GridPixelSize:8]]
[2019.05.26-08.10.44:946][  0]LogConfig: Setting CVar [[r.VolumetricFog.GridSizeZ:128]]
[2019.05.26-08.10.44:946][  0]LogConfig: Setting CVar [[r.VolumetricFog.HistoryMissSupersampleCount:4]]
[2019.05.26-08.10.44:946][  0]LogConfig: Setting CVar [[r.LightMaxDrawDistanceScale:1]]
[2019.05.26-08.10.44:946][  0]LogConfig: Setting CVar [[r.CapsuleShadows:1]]
[2019.05.26-08.10.44:946][  0]LogConfig: Applying CVar settings from Section [PostProcessQuality@3] File [C:/Users/Pete/Desktop/GitHub/peteplatformer/pbateman_platformer/Saved/Config/Windows/Scalability.ini]
[2019.05.26-08.10.44:946][  0]LogConfig: Setting CVar [[r.MotionBlurQuality:4]]
[2019.05.26-08.10.44:946][  0]LogConfig: Setting CVar [[r.AmbientOcclusionMipLevelFactor:0.4]]
[2019.05.26-08.10.44:946][  0]LogConfig: Setting CVar [[r.AmbientOcclusionMaxQuality:100]]
[2019.05.26-08.10.44:946][  0]LogConfig: Setting CVar [[r.AmbientOcclusionLevels:-1]]
[2019.05.26-08.10.44:946][  0]LogConfig: Setting CVar [[r.AmbientOcclusionRadiusScale:1.0]]
[2019.05.26-08.10.44:946][  0]LogConfig: Setting CVar [[r.DepthOfFieldQuality:2]]
[2019.05.26-08.10.44:946][  0]LogConfig: Setting CVar [[r.RenderTargetPoolMin:400]]
[2019.05.26-08.10.44:946][  0]LogConfig: Setting CVar [[r.LensFlareQuality:2]]
[2019.05.26-08.10.44:946][  0]LogConfig: Setting CVar [[r.SceneColorFringeQuality:1]]
[2019.05.26-08.10.44:946][  0]LogConfig: Setting CVar [[r.EyeAdaptationQuality:2]]
[2019.05.26-08.10.44:946][  0]LogConfig: Setting CVar [[r.BloomQuality:5]]
[2019.05.26-08.10.44:946][  0]LogConfig: Setting CVar [[r.FastBlurThreshold:100]]
[2019.05.26-08.10.44:946][  0]LogConfig: Setting CVar [[r.Upscale.Quality:3]]
[2019.05.26-08.10.44:946][  0]LogConfig: Setting CVar [[r.Tonemapper.GrainQuantization:1]]
[2019.05.26-08.10.44:946][  0]LogConfig: Setting CVar [[r.LightShaftQuality:1]]
[2019.05.26-08.10.44:946][  0]LogConfig: Setting CVar [[r.Filter.SizeScale:1]]
[2019.05.26-08.10.44:946][  0]LogConfig: Setting CVar [[r.Tonemapper.Quality:5]]
[2019.05.26-08.10.44:946][  0]LogConfig: Setting CVar [[r.DOF.Gather.AccumulatorQuality:1        ; higher gathering accumulator quality]]
[2019.05.26-08.10.44:946][  0]LogConfig: Setting CVar [[r.DOF.Gather.PostfilterMethod:1          ; Median3x3 postfilering method]]
[2019.05.26-08.10.44:946][  0]LogConfig: Setting CVar [[r.DOF.Gather.EnableBokehSettings:0       ; no bokeh simulation when gathering]]
[2019.05.26-08.10.44:946][  0]LogConfig: Setting CVar [[r.DOF.Gather.RingCount:4                 ; medium number of samples when gathering]]
[2019.05.26-08.10.44:946][  0]LogConfig: Setting CVar [[r.DOF.Scatter.ForegroundCompositing:1    ; additive foreground scattering]]
[2019.05.26-08.10.44:946][  0]LogConfig: Setting CVar [[r.DOF.Scatter.BackgroundCompositing:2    ; additive background scattering]]
[2019.05.26-08.10.44:946][  0]LogConfig: Setting CVar [[r.DOF.Scatter.EnableBokehSettings:1      ; bokeh simulation when scattering]]
[2019.05.26-08.10.44:946][  0]LogConfig: Setting CVar [[r.DOF.Scatter.MaxSpriteRatio:0.1         ; only a maximum of 10% of scattered bokeh]]
[2019.05.26-08.10.44:946][  0]LogConfig: Setting CVar [[r.DOF.Recombine.Quality:1                ; cheap slight out of focus]]
[2019.05.26-08.10.44:946][  0]LogConfig: Setting CVar [[r.DOF.Recombine.EnableBokehSettings:0    ; no bokeh simulation on slight out of focus]]
[2019.05.26-08.10.44:946][  0]LogConfig: Setting CVar [[r.DOF.TemporalAAQuality:1                ; more stable temporal accumulation]]
[2019.05.26-08.10.44:946][  0]LogConfig: Setting CVar [[r.DOF.Kernel.MaxForegroundRadius:0.025]]
[2019.05.26-08.10.44:946][  0]LogConfig: Setting CVar [[r.DOF.Kernel.MaxBackgroundRadius:0.025]]
[2019.05.26-08.10.44:946][  0]LogConfig: Applying CVar settings from Section [TextureQuality@3] File [C:/Users/Pete/Desktop/GitHub/peteplatformer/pbateman_platformer/Saved/Config/Windows/Scalability.ini]
[2019.05.26-08.10.44:946][  0]LogConfig: Setting CVar [[r.Streaming.MipBias:0]]
[2019.05.26-08.10.44:946][  0]LogConfig: Setting CVar [[r.Streaming.AmortizeCPUToGPUCopy:0]]
[2019.05.26-08.10.44:946][  0]LogConfig: Setting CVar [[r.Streaming.MaxNumTexturesToStreamPerFrame:0]]
[2019.05.26-08.10.44:946][  0]LogConfig: Setting CVar [[r.Streaming.Boost:1]]
[2019.05.26-08.10.44:946][  0]LogConfig: Setting CVar [[r.MaxAnisotropy:8]]
[2019.05.26-08.10.44:946][  0]LogConfig: Setting CVar [[r.Streaming.LimitPoolSizeToVRAM:0]]
[2019.05.26-08.10.44:946][  0]LogConfig: Setting CVar [[r.Streaming.PoolSize:1000]]
[2019.05.26-08.10.44:946][  0]LogConfig: Setting CVar [[r.Streaming.MaxEffectiveScreenSize:0]]
[2019.05.26-08.10.44:946][  0]LogConfig: Applying CVar settings from Section [EffectsQuality@3] File [C:/Users/Pete/Desktop/GitHub/peteplatformer/pbateman_platformer/Saved/Config/Windows/Scalability.ini]
[2019.05.26-08.10.44:946][  0]LogConfig: Setting CVar [[r.TranslucencyLightingVolumeDim:64]]
[2019.05.26-08.10.44:946][  0]LogConfig: Setting CVar [[r.RefractionQuality:2]]
[2019.05.26-08.10.44:946][  0]LogConfig: Setting CVar [[r.SSR.Quality:3]]
[2019.05.26-08.10.44:946][  0]LogConfig: Setting CVar [[r.SceneColorFormat:4]]
[2019.05.26-08.10.44:946][  0]LogConfig: Setting CVar [[r.DetailMode:2]]
[2019.05.26-08.10.44:946][  0]LogConfig: Setting CVar [[r.TranslucencyVolumeBlur:1]]
[2019.05.26-08.10.44:946][  0]LogConfig: Setting CVar [[r.MaterialQualityLevel:1 ; High quality]]
[2019.05.26-08.10.44:946][  0]LogConfig: Setting CVar [[r.SSS.Scale:1]]
[2019.05.26-08.10.44:946][  0]LogConfig: Setting CVar [[r.SSS.SampleSet:2]]
[2019.05.26-08.10.44:946][  0]LogConfig: Setting CVar [[r.SSS.Quality:1]]
[2019.05.26-08.10.44:946][  0]LogConfig: Setting CVar [[r.SSS.HalfRes:1]]
[2019.05.26-08.10.44:946][  0]LogConfig: Setting CVar [[r.EmitterSpawnRateScale:1.0]]
[2019.05.26-08.10.44:946][  0]LogConfig: Setting CVar [[r.ParticleLightQuality:2]]
[2019.05.26-08.10.44:946][  0]LogConfig: Applying CVar settings from Section [FoliageQuality@3] File [C:/Users/Pete/Desktop/GitHub/peteplatformer/pbateman_platformer/Saved/Config/Windows/Scalability.ini]
[2019.05.26-08.10.44:946][  0]LogConfig: Setting CVar [[foliage.DensityScale:1.0]]
[2019.05.26-08.10.44:946][  0]LogConfig: Setting CVar [[grass.DensityScale:1.0]]
[2019.05.26-08.10.44:946][  0]LogConfig: Applying CVar settings from Section [Startup] File [../../../Engine/Config/ConsoleVariables.ini]
[2019.05.26-08.10.44:947][  0]LogConfig: Setting CVar [[net.UseAdaptiveNetUpdateFrequency:0]]
[2019.05.26-08.10.44:947][  0]LogConfig: Applying CVar settings from Section [ConsoleVariables] File [C:/Users/Pete/Desktop/GitHub/peteplatformer/pbateman_platformer/Saved/Config/Windows/Engine.ini]
[2019.05.26-08.10.44:947][  0]LogInit: Computer: PETE-PC
[2019.05.26-08.10.44:947][  0]LogInit: User: Pete
[2019.05.26-08.10.44:947][  0]LogInit: CPU Page size=4096, Cores=4
[2019.05.26-08.10.44:947][  0]LogInit: High frequency timer resolution =10.000000 MHz
[2019.05.26-08.10.44:947][  0]LogMemory: Memory total: Physical=15.9GB (16GB approx)
[2019.05.26-08.10.44:947][  0]LogMemory: Platform Memory Stats for Windows
[2019.05.26-08.10.44:947][  0]LogMemory: Process Physical Memory: 102.72 MB used, 102.73 MB peak
[2019.05.26-08.10.44:947][  0]LogMemory: Process Virtual Memory: 91.77 MB used, 91.77 MB peak
[2019.05.26-08.10.44:947][  0]LogMemory: Physical Memory: 10460.17 MB used,  5848.79 MB free, 16308.96 MB total
[2019.05.26-08.10.44:947][  0]LogMemory: Virtual Memory: 4649.95 MB used,  134213080.00 MB free, 134217728.00 MB total
[2019.05.26-08.10.44:964][  0]LogInit: Using OS detected language (en-US).
[2019.05.26-08.10.44:964][  0]LogInit: Using OS detected locale (en-AU).
[2019.05.26-08.10.44:965][  0]LogTextLocalizationManager: No specific localization for 'en-US' exists, so the 'en' localization will be used.
[2019.05.26-08.10.45:274][  0]LogStreaming: Display: Took  0.310s to InitEngineTextLocalization.
[2019.05.26-08.10.45:274][  0]LogInit: Setting process to per monitor DPI aware
[2019.05.26-08.10.45:316][  0]LogSlate: New Slate User Created.  User Index 0, Is Virtual User: 0
[2019.05.26-08.10.45:317][  0]LogSlate: Slate User Registered.  User Index 0, Is Virtual User: 0
[2019.05.26-08.10.45:500][  0]LogHMD: Failed to initialize OpenVR with code 110
[2019.05.26-08.10.45:500][  0]LogD3D11RHI: D3D11 adapters:
[2019.05.26-08.10.45:562][  0]LogD3D11RHI:    0. 'NVIDIA GeForce GTX 1080 Ti' (Feature Level 11_0)
[2019.05.26-08.10.45:562][  0]LogD3D11RHI:       11127/0/8154 MB DedicatedVideo/DedicatedSystem/SharedSystem, Outputs:2, VendorId:0x10de
[2019.05.26-08.10.45:564][  0]LogD3D11RHI:    1. 'Microsoft Basic Render Driver' (Feature Level 11_0)
[2019.05.26-08.10.45:564][  0]LogD3D11RHI:       0/0/8154 MB DedicatedVideo/DedicatedSystem/SharedSystem, Outputs:0, VendorId:0x1414
[2019.05.26-08.10.45:564][  0]LogD3D11RHI: Chosen D3D11 Adapter: 0
[2019.05.26-08.10.45:575][  0]LogD3D11RHI: Creating new Direct3DDevice
[2019.05.26-08.10.45:575][  0]LogD3D11RHI:     GPU DeviceId: 0x1b06 (for the marketing name, search the web for "GPU Device Id")
[2019.05.26-08.10.45:575][  0]LogWindows: EnumDisplayDevices:
[2019.05.26-08.10.45:576][  0]LogWindows:    0. 'NVIDIA GeForce GTX 1080 Ti' (P:1 D:1)
[2019.05.26-08.10.45:576][  0]LogWindows:    1. 'NVIDIA GeForce GTX 1080 Ti' (P:0 D:1)
[2019.05.26-08.10.45:576][  0]LogWindows:    2. 'NVIDIA GeForce GTX 1080 Ti' (P:0 D:0)
[2019.05.26-08.10.45:576][  0]LogWindows:    3. 'NVIDIA GeForce GTX 1080 Ti' (P:0 D:0)
[2019.05.26-08.10.45:576][  0]LogWindows: DebugString: FoundDriverCount:4 
[2019.05.26-08.10.45:576][  0]LogD3D11RHI:     Adapter Name: NVIDIA GeForce GTX 1080 Ti
[2019.05.26-08.10.45:576][  0]LogD3D11RHI:   Driver Version: 430.64 (internal:26.21.14.3064, unified:430.64)
[2019.05.26-08.10.45:576][  0]LogD3D11RHI:      Driver Date: 5-5-2019
[2019.05.26-08.10.45:576][  0]LogRHI: Texture pool is 7788 MB (70% of 11127 MB)
[2019.05.26-08.10.45:616][  0]LogD3D11RHI: Async texture creation enabled
[2019.05.26-08.10.45:647][  0]LogD3D11RHI: GPU Timing Frequency: 1000.000000 (Debug: 2 1)
[2019.05.26-08.10.46:031][  0]LogTemp: Display: Loaded TP AllDesktopTargetPlatform
[2019.05.26-08.10.46:042][  0]LogTemp: Display: Loaded TP MacClientTargetPlatform
[2019.05.26-08.10.46:053][  0]LogTemp: Display: Loaded TP MacNoEditorTargetPlatform
[2019.05.26-08.10.46:064][  0]LogTemp: Display: Loaded TP MacServerTargetPlatform
[2019.05.26-08.10.46:077][  0]LogTemp: Display: Loaded TP MacTargetPlatform
[2019.05.26-08.10.46:087][  0]LogTemp: Display: Loaded TP WindowsClientTargetPlatform
[2019.05.26-08.10.46:100][  0]LogTemp: Display: Loaded TP WindowsNoEditorTargetPlatform
[2019.05.26-08.10.46:110][  0]LogTemp: Display: Loaded TP WindowsServerTargetPlatform
[2019.05.26-08.10.46:115][  0]LogTemp: Display: Loaded TP WindowsTargetPlatform
[2019.05.26-08.10.46:175][  0]LogTemp: Display: Loaded TP AndroidTargetPlatform
[2019.05.26-08.10.46:175][  0]LogTemp: Display: Loaded TP AndroidTargetPlatform
[2019.05.26-08.10.46:175][  0]LogTemp: Display: Loaded TP AndroidTargetPlatform
[2019.05.26-08.10.46:175][  0]LogTemp: Display: Loaded TP AndroidTargetPlatform
[2019.05.26-08.10.46:175][  0]LogTemp: Display: Loaded TP AndroidTargetPlatform
[2019.05.26-08.10.46:175][  0]LogTemp: Display: Loaded TP AndroidTargetPlatform
[2019.05.26-08.10.46:175][  0]LogTemp: Display: Loaded TP AndroidTargetPlatform
[2019.05.26-08.10.46:175][  0]LogTemp: Display: Loaded TP AndroidTargetPlatform
[2019.05.26-08.10.46:175][  0]LogTemp: Display: Loaded TP AndroidTargetPlatform
[2019.05.26-08.10.46:175][  0]LogTemp: Display: Loaded TP AndroidTargetPlatform
[2019.05.26-08.10.46:175][  0]LogTemp: Display: Loaded TP AndroidTargetPlatform
[2019.05.26-08.10.46:175][  0]LogTemp: Display: Loaded TP AndroidTargetPlatform
[2019.05.26-08.10.46:175][  0]LogTemp: Display: Loaded TP AndroidTargetPlatform
[2019.05.26-08.10.46:175][  0]LogTemp: Display: Loaded TP AndroidTargetPlatform
[2019.05.26-08.10.46:175][  0]LogTemp: Display: Loaded TP AndroidTargetPlatform
[2019.05.26-08.10.46:175][  0]LogTemp: Display: Loaded TP AndroidTargetPlatform
[2019.05.26-08.10.46:175][  0]LogTemp: Display: Loaded TP AndroidTargetPlatform
[2019.05.26-08.10.46:175][  0]LogTemp: Display: Loaded TP AndroidTargetPlatform
[2019.05.26-08.10.46:176][  0]LogTemp: Display: Loaded TP HTML5TargetPlatform
[2019.05.26-08.10.46:230][  0]LogTemp: Display: Loaded TP IOSTargetPlatform
[2019.05.26-08.10.46:230][  0]LogTemp: Display: Loaded TP IOSTargetPlatform
[2019.05.26-08.10.46:248][  0]LogTemp: Display: Loaded TP TVOSTargetPlatform
[2019.05.26-08.10.46:248][  0]LogTemp: Display: Loaded TP TVOSTargetPlatform
[2019.05.26-08.10.46:257][  0]LogTemp: Display: Loaded TP LinuxClientTargetPlatform
[2019.05.26-08.10.46:267][  0]LogTemp: Display: Loaded TP LinuxNoEditorTargetPlatform
[2019.05.26-08.10.46:277][  0]LogTemp: Display: Loaded TP LinuxServerTargetPlatform
[2019.05.26-08.10.46:287][  0]LogTemp: Display: Loaded TP LinuxTargetPlatform
[2019.05.26-08.10.46:322][  0]LogTemp: Display: Loaded TP LuminTargetPlatform
[2019.05.26-08.10.46:322][  0]LogTemp: Display: Loaded TP LuminTargetPlatform
[2019.05.26-08.10.46:322][  0]LogTargetPlatformManager: Display: Building Assets For Windows
[2019.05.26-08.10.46:357][  0]LogShaderCompilers: Guid format shader working directory is -33 characters bigger than the processId version (../../../../../../Users/Pete/Desktop/GitHub/peteplatformer/pbateman_platformer/Intermediate/Shaders/WorkingDirectory/8056/).
[2019.05.26-08.10.46:357][  0]LogShaderCompilers: Cleaned the shader compiler working directory 'C:/Users/Pete/AppData/Local/Temp/UnrealShaderWorkingDir/1A685BBA4F2B4CA41009E0A322703F1C/'.
[2019.05.26-08.10.46:358][  0]LogXGEController: Cannot use XGE Controller as Incredibuild is not installed on this machine.
[2019.05.26-08.10.46:359][  0]LogShaderCompilers: Cannot use XGE Shader Compiler as Incredibuild is not installed on this machine.
[2019.05.26-08.10.46:359][  0]LogShaderCompilers: Display: Using Local Shader Compiler.
[2019.05.26-08.10.46:796][  0]LogDerivedDataCache: Display: Max Cache Size: 512 MB
[2019.05.26-08.10.46:837][  0]LogDerivedDataCache: Loaded boot cache 0.04s 71MB C:/Users/Pete/AppData/Local/UnrealEngine/4.21/DerivedDataCache/Boot.ddc.
[2019.05.26-08.10.46:837][  0]LogDerivedDataCache: Display: Loaded Boot cache: C:/Users/Pete/AppData/Local/UnrealEngine/4.21/DerivedDataCache/Boot.ddc
[2019.05.26-08.10.46:837][  0]LogDerivedDataCache: FDerivedDataBackendGraph:  Pak pak cache file ../../../../../../Users/Pete/Desktop/GitHub/peteplatformer/pbateman_platformer/DerivedDataCache/DDC.ddp not found, will not use a pak cache.
[2019.05.26-08.10.46:837][  0]LogDerivedDataCache: Unable to find inner node Pak for hierarchical cache Hierarchy.
[2019.05.26-08.10.46:837][  0]LogDerivedDataCache: FDerivedDataBackendGraph:  CompressedPak pak cache file ../../../../../../Users/Pete/Desktop/GitHub/peteplatformer/pbateman_platformer/DerivedDataCache/Compressed.ddp not found, will not use a pak cache.
[2019.05.26-08.10.46:837][  0]LogDerivedDataCache: Unable to find inner node CompressedPak for hierarchical cache Hierarchy.
[2019.05.26-08.10.46:850][  0]LogDerivedDataCache: Display: Pak cache opened for reading ../../../Engine/DerivedDataCache/Compressed.ddp.
[2019.05.26-08.10.46:851][  0]LogDerivedDataCache: FDerivedDataBackendGraph:  EnterprisePak pak cache file ../../../Enterprise/DerivedDataCache/Compressed.ddp not found, will not use a pak cache.
[2019.05.26-08.10.46:851][  0]LogDerivedDataCache: Unable to find inner node EnterprisePak for hierarchical cache Hierarchy.
[2019.05.26-08.10.46:863][  0]LogDerivedDataCache: Using Local data cache path C:/Users/Pete/AppData/Local/UnrealEngine/Common/DerivedDataCache: Writable
[2019.05.26-08.10.46:863][  0]LogDerivedDataCache: Shared data cache path not found in *engine.ini, will not use an Shared cache.
[2019.05.26-08.10.46:863][  0]LogDerivedDataCache: Unable to find inner node Shared for hierarchical cache Hierarchy.
[2019.05.26-08.10.46:883][  0]LogMaterial: Verifying Global Shaders for PCD3D_SM5
[2019.05.26-08.10.46:884][  0]LogSlate: Using FreeType 2.6.0
[2019.05.26-08.10.46:885][  0]LogSlate: SlateFontServices - WITH_FREETYPE: 1, WITH_HARFBUZZ: 1
[2019.05.26-08.10.46:956][  0]LogAssetRegistry: FAssetRegistry took 0.0313 seconds to start up
[2019.05.26-08.10.47:217][  0]LogInit: Selected Device Profile: [Windows]
[2019.05.26-08.10.47:336][  0]LogSimplygon: Simplygon DLL not present - disabling.
[2019.05.26-08.10.47:338][  0]LogMeshReduction: Using SimplygonSwarm for distributed automatic mesh merging
[2019.05.26-08.10.47:338][  0]LogMeshReduction: Using ProxyLODMeshReduction for automatic mesh merging
[2019.05.26-08.10.47:338][  0]LogMeshReduction: Using QuadricMeshReduction for automatic static mesh reduction
[2019.05.26-08.10.47:338][  0]LogMeshReduction: No automatic skeletal mesh reduction module available
[2019.05.26-08.10.47:350][  0]LogNetVersion: pbateman_platformer 1.0.0, NetCL: 4541578, EngineNetVer: 5, GameNetVer: 0 (Checksum: 3714210220)
[2019.05.26-08.10.47:813][  0]LogPackageLocalizationCache: Processed 11 localized package path(s) for 2 prioritized culture(s) in 0.088448 seconds
[2019.05.26-08.10.47:820][  0]LogUObjectArray: 39775 objects as part of root set at end of initial load.
[2019.05.26-08.10.47:820][  0]LogUObjectAllocator: 6914664 out of 0 bytes used by permanent object pool.
[2019.05.26-08.10.47:820][  0]LogUObjectArray: CloseDisregardForGC: 0/0 objects in disregard for GC pool
[2019.05.26-08.10.48:528][  0]LogTcpMessaging: Initializing TcpMessaging bridge
[2019.05.26-08.10.48:540][  0]LogUdpMessaging: Initializing bridge on interface 0.0.0.0:0 to multicast group 230.0.0.1:6666.
[2019.05.26-08.10.49:094][  0]SourceControl: Source control is disabled
[2019.05.26-08.10.49:094][  0]SourceControl: Source control is disabled
[2019.05.26-08.10.49:095][  0]SourceControl: Source control is disabled
[2019.05.26-08.10.49:095][  0]SourceControl: Source control is disabled
[2019.05.26-08.10.49:242][  0]LogAndroidPermission: UAndroidPermissionCallbackProxy::GetInstance
[2019.05.26-08.10.49:380][  0]LogOcInput: OculusInput pre-init called
[2019.05.26-08.10.49:522][  0]LogEngine: Initializing Engine...
[2019.05.26-08.10.49:523][  0]LogHMD: Failed to initialize OpenVR with code 110
[2019.05.26-08.10.49:524][  0]LogStats: UGameplayTagsManager::ConstructGameplayTagTree: ImportINI prefixes -  0.000 s
[2019.05.26-08.10.49:524][  0]LogStats: UGameplayTagsManager::ConstructGameplayTagTree: Construct from data asset -  0.000 s
[2019.05.26-08.10.49:524][  0]LogStats: UGameplayTagsManager::ConstructGameplayTagTree: ImportINI -  0.000 s
[2019.05.26-08.10.49:524][  0]LogStats: UGameplayTagsManager::ConstructGameplayTagTree: GameplayTagTreeChangedEvent.Broadcast -  0.000 s
[2019.05.26-08.10.49:713][  0]LogInit: Initializing FReadOnlyCVARCache
[2019.05.26-08.10.49:721][  0]LogAIModule: Creating AISystem for world Untitled
[2019.05.26-08.10.49:803][  0]LogInit: XAudio2 using 'Headphones (HyperX Cloud Flight Wireless Headset)' : 2 channels at 48 kHz using 16 bits per sample (channel mask 0x3)
[2019.05.26-08.10.49:819][  0]LogInit: FAudioDevice initialized.
[2019.05.26-08.10.49:819][  0]LogNetVersion: Set ProjectVersion to 1.0.0.0. Version Checksum will be recalculated on next use.
[2019.05.26-08.10.49:883][  0]LogDerivedDataCache: Saved boot cache 0.06s 71MB C:/Users/Pete/AppData/Local/UnrealEngine/4.21/DerivedDataCache/Boot.ddc.
[2019.05.26-08.10.49:887][  0]LogInit: Texture streaming: Enabled
[2019.05.26-08.10.49:897][  0]LogEngineSessionManager: EngineSessionManager initialized
[2019.05.26-08.10.49:911][  0]LogInit: Transaction tracking system initialized
[2019.05.26-08.10.49:924][  0]BlueprintLog: New page: Editor Load
[2019.05.26-08.10.49:967][  0]LocalizationService: Localization service is disabled
[2019.05.26-08.10.50:400][  0]LogFileCache: Scanning file cache for directory 'C:/Users/Pete/Desktop/GitHub/peteplatformer/pbateman_platformer/Content/' took 0.02s
[2019.05.26-08.10.50:400][  0]LogCook: Display: Max memory allowance for cook 16384mb min free memory 0mb
[2019.05.26-08.10.50:400][  0]LogCook: Display: Mobile HDR setting 1
[2019.05.26-08.10.50:400][  0]LogGameplayTags: Display: UGameplayTagsManager::DoneAddingNativeTags. DelegateIsBound: 0
[2019.05.26-08.10.50:400][  0]LogStats: UGameplayTagsManager::ConstructGameplayTagTree: ImportINI prefixes -  0.000 s
[2019.05.26-08.10.50:400][  0]LogStats: UGameplayTagsManager::ConstructGameplayTagTree: Construct from data asset -  0.000 s
[2019.05.26-08.10.50:400][  0]LogStats: UGameplayTagsManager::ConstructGameplayTagTree: ImportINI -  0.000 s
[2019.05.26-08.10.50:400][  0]LogStats: UGameplayTagsManager::ConstructGameplayTagTree: GameplayTagTreeChangedEvent.Broadcast -  0.000 s
[2019.05.26-08.10.50:491][  0]SourceControl: Source control is disabled
[2019.05.26-08.10.50:491][  0]Cmd: MAP LOAD FILE="../../../../../../Users/Pete/Desktop/GitHub/peteplatformer/pbateman_platformer/Content/_MyContent/Maps/Level_1.umap" TEMPLATE=0 SHOWPROGRESS=1 FEATURELEVEL=3
[2019.05.26-08.10.50:491][  0]LightingResults: New page: Lighting Build
[2019.05.26-08.10.50:493][  0]MapCheck: New page: Map Check
[2019.05.26-08.10.50:493][  0]LightingResults: New page: Lighting Build
[2019.05.26-08.10.51:545][  0]LogAIModule: Creating AISystem for world Level_1
[2019.05.26-08.10.51:590][  0]LogEditorServer: Finished looking for orphan Actors (0.000 secs)
[2019.05.26-08.10.51:614][  0]Cmd: MAP CHECKDEP NOCLEARLOG
[2019.05.26-08.10.51:614][  0]MapCheck: Map check complete: 0 Error(s), 0 Warning(s), took 0.127ms to complete.
[2019.05.26-08.10.51:614][  0]LogFileHelpers: Loading map 'Level_1' took 1.124
[2019.05.26-08.10.51:745][  0]LogSlate: Updating window title bar state: overlay mode, drag disabled, window buttons hidden, title bar hidden
[2019.05.26-08.10.51:752][  0]LogSlate: Updating window title bar state: overlay mode, drag disabled, window buttons hidden, title bar hidden
[2019.05.26-08.10.51:758][  0]LogSlate: Updating window title bar state: overlay mode, drag disabled, window buttons hidden, title bar hidden
[2019.05.26-08.10.51:764][  0]LogSlate: Updating window title bar state: overlay mode, drag disabled, window buttons hidden, title bar hidden
[2019.05.26-08.10.51:775][  0]LogCollectionManager: Loaded 0 collections in 0.000840 seconds
[2019.05.26-08.10.51:801][  0]LogFileCache: Scanning file cache for directory 'C:/Users/Pete/Desktop/GitHub/peteplatformer/pbateman_platformer/Saved/Collections/' took 0.01s
[2019.05.26-08.10.51:801][  0]LogFileCache: Scanning file cache for directory 'C:/Users/Pete/Desktop/GitHub/peteplatformer/pbateman_platformer/Content/Developers/Pete/Collections/' took 0.00s
[2019.05.26-08.10.51:801][  0]LogFileCache: Scanning file cache for directory 'C:/Users/Pete/Desktop/GitHub/peteplatformer/pbateman_platformer/Content/Collections/' took 0.00s
[2019.05.26-08.10.51:801][  0]LogCollectionManager: Rebuilt the GUID cache for 0 collections in 0.000000 seconds
[2019.05.26-08.10.51:810][  0]LogContentBrowser: Native class hierarchy populated in 0.0080 seconds. Added 2651 classes and 620 folders.
[2019.05.26-08.10.51:821][  0]LogContentBrowser: Native class hierarchy updated for 'WidgetCarousel' in 0.0002 seconds. Added 0 classes and 0 folders.
[2019.05.26-08.10.51:829][  0]LogPakFile: Registered encryption key '00000000000000000000000000000000': 0 pak files mounted, 0 remain pending
[2019.05.26-08.10.51:834][  0]LogPakFile: Registered encryption key '00000000000000000000000000000000': 0 pak files mounted, 0 remain pending
[2019.05.26-08.10.51:846][  0]LogPakFile: Registered encryption key '00000000000000000000000000000000': 0 pak files mounted, 0 remain pending
[2019.05.26-08.10.51:851][  0]LogPakFile: Registered encryption key '00000000000000000000000000000000': 0 pak files mounted, 0 remain pending
[2019.05.26-08.10.51:855][  0]LogPakFile: Registered encryption key '00000000000000000000000000000000': 0 pak files mounted, 0 remain pending
[2019.05.26-08.10.51:860][  0]LogPakFile: Registered encryption key '00000000000000000000000000000000': 0 pak files mounted, 0 remain pending
[2019.05.26-08.10.51:864][  0]LogPakFile: Registered encryption key '00000000000000000000000000000000': 0 pak files mounted, 0 remain pending
[2019.05.26-08.10.51:868][  0]LogPakFile: Registered encryption key '00000000000000000000000000000000': 0 pak files mounted, 0 remain pending
[2019.05.26-08.10.51:873][  0]LogPakFile: Registered encryption key '00000000000000000000000000000000': 0 pak files mounted, 0 remain pending
[2019.05.26-08.10.51:878][  0]LogPakFile: Registered encryption key '00000000000000000000000000000000': 0 pak files mounted, 0 remain pending
[2019.05.26-08.10.51:883][  0]LogPakFile: Registered encryption key '00000000000000000000000000000000': 0 pak files mounted, 0 remain pending
[2019.05.26-08.10.51:887][  0]LogPakFile: Registered encryption key '00000000000000000000000000000000': 0 pak files mounted, 0 remain pending
[2019.05.26-08.10.51:892][  0]LogPakFile: Registered encryption key '00000000000000000000000000000000': 0 pak files mounted, 0 remain pending
[2019.05.26-08.10.51:900][  0]LogPakFile: Registered encryption key '00000000000000000000000000000000': 0 pak files mounted, 0 remain pending
[2019.05.26-08.10.51:910][  0]LogPakFile: Registered encryption key '00000000000000000000000000000000': 0 pak files mounted, 0 remain pending
[2019.05.26-08.10.51:920][  0]LogPakFile: Registered encryption key '00000000000000000000000000000000': 0 pak files mounted, 0 remain pending
[2019.05.26-08.10.51:968][  0]LogPakFile: Registered encryption key '00000000000000000000000000000000': 0 pak files mounted, 0 remain pending
[2019.05.26-08.10.51:978][  0]LogPakFile: Registered encryption key '00000000000000000000000000000000': 0 pak files mounted, 0 remain pending
[2019.05.26-08.10.51:988][  0]LogPakFile: Registered encryption key '00000000000000000000000000000000': 0 pak files mounted, 0 remain pending
[2019.05.26-08.10.51:997][  0]LogPakFile: Registered encryption key '00000000000000000000000000000000': 0 pak files mounted, 0 remain pending
[2019.05.26-08.10.52:053][  0]LogPakFile: Registered encryption key '00000000000000000000000000000000': 0 pak files mounted, 0 remain pending
[2019.05.26-08.10.52:063][  0]LogPakFile: Registered encryption key '00000000000000000000000000000000': 0 pak files mounted, 0 remain pending
[2019.05.26-08.10.52:073][  0]LogPakFile: Registered encryption key '00000000000000000000000000000000': 0 pak files mounted, 0 remain pending
[2019.05.26-08.10.52:084][  0]LogPakFile: Registered encryption key '00000000000000000000000000000000': 0 pak files mounted, 0 remain pending
[2019.05.26-08.10.52:094][  0]LogPakFile: Registered encryption key '00000000000000000000000000000000': 0 pak files mounted, 0 remain pending
[2019.05.26-08.10.52:104][  0]LogPakFile: Registered encryption key '00000000000000000000000000000000': 0 pak files mounted, 0 remain pending
[2019.05.26-08.10.52:251][  0]LogContentBrowser: Native class hierarchy updated for 'AddContentDialog' in 0.0002 seconds. Added 0 classes and 0 folders.
[2019.05.26-08.10.52:260][  0]LogContentBrowser: Native class hierarchy updated for 'SceneOutliner' in 0.0002 seconds. Added 1 classes and 2 folders.
[2019.05.26-08.10.52:309][  0]LogSlate: Took 0.000111 seconds to synchronously load lazily loaded font '../../../Engine/Content/Slate/Fonts/Roboto-Regular.ttf' (155K)
[2019.05.26-08.10.52:311][  0]LogSlate: Took 0.000143 seconds to synchronously load lazily loaded font '../../../Engine/Content/Slate/Fonts/Roboto-Bold.ttf' (160K)
[2019.05.26-08.10.52:331][  0]LogSlate: Took 0.007481 seconds to synchronously load lazily loaded font '../../../Engine/Content/Editor/Slate/Fonts/FontAwesome.ttf' (139K)
[2019.05.26-08.10.52:448][  0]LogRenderer: Reallocating scene render targets to support 1616x836 Format 10 NumSamples 1 (Frame:1).
[2019.05.26-08.10.52:603][  0]LogContentBrowser: Native class hierarchy updated for 'HierarchicalLODOutliner' in 0.0002 seconds. Added 0 classes and 0 folders.
[2019.05.26-08.10.52:603][  0]LogLoad: (Engine Initialization) Total time: 9.22 seconds
[2019.05.26-08.10.52:603][  0]LogLoad: (Engine Initialization) Total Blueprint compile time: 0.00 seconds
[2019.05.26-08.10.52:667][  0]LogContentStreaming: Texture pool size now 1000 MB
[2019.05.26-08.10.52:857][  2]LogAssetRegistry: Asset discovery search completed in 5.9249 seconds
[2019.05.26-08.10.52:859][  2]LogCollectionManager: Rebuilt the object cache for 0 collections in 0.000000 seconds (found 0 objects)
[2019.05.26-08.10.52:859][  2]LogCollectionManager: Fixed up redirectors for 0 collections in 0.000042 seconds (updated 0 objects)
[2019.05.26-08.10.53:644][ 88]LogSlate: Took 0.004737 seconds to synchronously load lazily loaded font '../../../Engine/Content/Slate/Fonts/Roboto-Light.ttf' (167K)
[2019.05.26-08.11.18:742][ 95]LogEditorViewport: Clicking on Actor (LMB): BP_Door_C (BP_Door)
[2019.05.26-08.11.21:149][368]LogSlate: FSceneViewport::OnFocusLost() reason 0
[2019.05.26-08.11.21:278][382]LogAssetEditorManager: Opening Asset editor for Blueprint /Game/_MyContent/Blueprints/BP_Door.BP_Door
[2019.05.26-08.11.21:792][382]LogContentBrowser: Native class hierarchy updated for 'BlueprintGraph' in 0.0005 seconds. Added 117 classes and 0 folders.
[2019.05.26-08.11.22:550][382]LogSlate: Took 0.003490 seconds to synchronously load lazily loaded font '../../../Engine/Content/Slate/Fonts/Roboto-BoldCondensed.ttf' (158K)
[2019.05.26-08.11.30:667][135]LogRenderer: Reallocating scene render targets to support 1616x1032 Format 10 NumSamples 1 (Frame:1).
[2019.05.26-08.11.34:540][532]LogSlate: Took 0.005677 seconds to synchronously load lazily loaded font '../../../Engine/Content/Slate/Fonts/Roboto-Italic.ttf' (157K)
[2019.05.26-08.11.36:407][712]LogSlate: Window 'BP_Door' being destroyed
[2019.05.26-08.11.57:098][156]LogSlate: FSceneViewport::OnFocusLost() reason 0
[2019.05.26-08.13.27:998][ 15]LogSlate: FSceneViewport::OnFocusLost() reason 0
[2019.05.26-08.13.28:089][ 26]BlueprintLog: New page: Compile BP_Door
[2019.05.26-08.13.31:932][454]LogTemp: Repeating last play command: New Editor Window (PIE)
[2019.05.26-08.13.31:947][454]LogBlueprintUserMessages: Early PlayInEditor Detection: Level '/Game/_MyContent/Maps/Level_1.Level_1:PersistentLevel' has LevelScriptBlueprint '/Game/_MyContent/Maps/Level_1.Level_1:PersistentLevel.Level_1' with GeneratedClass '/Game/_MyContent/Maps/Level_1.Level_1_C' with ClassGeneratedBy '/Game/_MyContent/Maps/Level_1.Level_1:PersistentLevel.Level_1'
[2019.05.26-08.13.31:947][454]LogPlayLevel: PlayLevel: No blueprints needed recompiling
[2019.05.26-08.13.31:948][454]PIE: New page: PIE session: Level_1 (27 May 2019 4:13:31 am)
[2019.05.26-08.13.31:961][454]LogPlayLevel: Creating play world package: /Game/_MyContent/Maps/UEDPIE_0_Level_1
[2019.05.26-08.13.31:985][454]LogPlayLevel: PIE: StaticDuplicateObject took: (0.023207s)
[2019.05.26-08.13.31:985][454]LogAIModule: Creating AISystem for world Level_1
[2019.05.26-08.13.31:985][454]LogPlayLevel: PIE: World Init took: (0.000540s)
[2019.05.26-08.13.31:985][454]LogPlayLevel: PIE: Created PIE world by copying editor world from /Game/_MyContent/Maps/Level_1.Level_1 to /Game/_MyContent/Maps/UEDPIE_0_Level_1.Level_1 (0.024020s)
[2019.05.26-08.13.32:038][454]LogInit: XAudio2 using 'Headphones (HyperX Cloud Flight Wireless Headset)' : 2 channels at 48 kHz using 16 bits per sample (channel mask 0x3)
[2019.05.26-08.13.32:048][454]LogInit: FAudioDevice initialized.
[2019.05.26-08.13.32:055][454]LogSlate: Updating window title bar state: overlay mode, drag disabled, window buttons hidden, title bar hidden
[2019.05.26-08.13.32:100][454]LogLoad: Game class is 'BP_MyGameMode_C'
[2019.05.26-08.13.32:104][454]LogWorld: Bringing World /Game/_MyContent/Maps/UEDPIE_0_Level_1.Level_1 up for play (max tick rate 0) at 2019.05.26-18.13.32
[2019.05.26-08.13.32:106][454]LogWorld: Bringing up level for play took: 0.003931
[2019.05.26-08.13.32:123][454]LogContentBrowser: Native class hierarchy updated for 'MovieSceneCapture' in 0.0003 seconds. Added 20 classes and 0 folders.
[2019.05.26-08.13.32:138][454]PIE: Play in editor start time for /Game/_MyContent/Maps/UEDPIE_0_Level_1 1.136
[2019.05.26-08.13.32:139][454]LogBlueprintUserMessages: Late PlayInEditor Detection: Level '/Game/_MyContent/Maps/Level_1.Level_1:PersistentLevel' has LevelScriptBlueprint '/Game/_MyContent/Maps/Level_1.Level_1:PersistentLevel.Level_1' with GeneratedClass '/Game/_MyContent/Maps/Level_1.Level_1_C' with ClassGeneratedBy '/Game/_MyContent/Maps/Level_1.Level_1:PersistentLevel.Level_1'
[2019.05.26-08.13.32:209][454]LogRenderer: Reallocating scene render targets to support 2572x1476 Format 10 NumSamples 1 (Frame:1).
[2019.05.26-08.13.50:259][612]LogBlueprintUserMessages: [MyPlayer] Hello
[2019.05.26-08.13.50:861][684]LogBlueprintUserMessages: [MyPlayer] Hello
[2019.05.26-08.13.57:355][461]LogBlueprintUserMessages: [MyPlayer] Hello
[2019.05.26-08.14.03:631][213]LogBlueprintUserMessages: [MyPlayer] Hello
[2019.05.26-08.14.04:322][296]LogBlueprintUserMessages: [MyPlayer] Hello
[2019.05.26-08.14.07:657][696]LogBlueprintUserMessages: [MyPlayer] Hello
[2019.05.26-08.14.10:167][997]LogBlueprintUserMessages: [MyPlayer] Hello
[2019.05.26-08.14.11:159][116]LogBlueprintUserMessages: [MyPlayer] Hello
[2019.05.26-08.14.15:686][659]LogBlueprintUserMessages: [MyPlayer] Hello
[2019.05.26-08.14.22:116][429]LogBlueprintUserMessages: [MyPlayer] Hello
[2019.05.26-08.14.22:584][485]LogBlueprintUserMessages: [MyPlayer] Hello
[2019.05.26-08.14.26:981][ 11]LogBlueprintUserMessages: [MyPlayer] Hello
[2019.05.26-08.14.31:111][505]LogBlueprintUserMessages: [MyPlayer] Hello
[2019.05.26-08.14.33:313][766]LogBlueprintUserMessages: [MyPlayer] Hello
[2019.05.26-08.14.43:235][956]LogBlueprintUserMessages: [MyPlayer] Hello
[2019.05.26-08.14.55:976][482]LogBlueprintUserMessages: [MyPlayer] Hello
[2019.05.26-08.15.04:909][551]LogBlueprintUserMessages: [MyPlayer] Hello
[2019.05.26-08.15.06:177][703]LogBlueprintUserMessages: [MyPlayer] Hello
[2019.05.26-08.15.07:861][905]LogBlueprintUserMessages: [MyPlayer] Hello
[2019.05.26-08.15.08:486][980]LogBlueprintUserMessages: [MyPlayer] Hello
[2019.05.26-08.15.13:231][549]LogBlueprintUserMessages: [MyPlayer] Hello
[2019.05.26-08.15.15:665][841]LogBlueprintUserMessages: [MyPlayer] Hello
[2019.05.26-08.15.16:609][954]LogBlueprintUserMessages: [MyPlayer] Hello
[2019.05.26-08.15.50:207][978]LogBlueprintUserMessages: [MyPlayer] Hello
[2019.05.26-08.15.54:024][436]LogBlueprintUserMessages: [MyPlayer] Hello
[2019.05.26-08.15.59:718][119]LogBlueprintUserMessages: [MyPlayer] Hello
[2019.05.26-08.16.01:840][372]LogBlueprintUserMessages: [MyPlayer] Hello
[2019.05.26-08.16.05:279][784]LogBlueprintUserMessages: [MyPlayer] Hello
[2019.05.26-08.16.08:969][224]LogBlueprintUserMessages: [MyPlayer] Hello
[2019.05.26-08.16.13:988][823]LogBlueprintUserMessages: [MyPlayer] Hello
[2019.05.26-08.16.14:273][857]LogBlueprintUserMessages: [MyPlayer] Hello
[2019.05.26-08.16.16:065][ 72]LogBlueprintUserMessages: [MyPlayer] Hello
[2019.05.26-08.16.21:073][673]LogBlueprintUserMessages: [MyPlayer] Hello
[2019.05.26-08.16.23:625][979]LogBlueprintUserMessages: [MyPlayer] Hello
[2019.05.26-08.16.27:612][457]LogBlueprintUserMessages: [MyPlayer] Hello
[2019.05.26-08.16.46:419][708]LogBlueprintUserMessages: [MyPlayer] Hello
[2019.05.26-08.16.48:053][904]LogBlueprintUserMessages: [MyPlayer] Hello
[2019.05.26-08.16.48:928][  9]LogBlueprintUserMessages: [MyPlayer] Hello
[2019.05.26-08.17.01:992][574]LogBlueprintUserMessages: [MyPlayer] Hello
[2019.05.26-08.17.02:485][633]LogBlueprintUserMessages: [MyPlayer] Hello
[2019.05.26-08.17.18:225][519]LogBlueprintUserMessages: [MyPlayer] Hello
[2019.05.26-08.17.24:579][281]LogBlueprintUserMessages: [MyPlayer] Hello
[2019.05.26-08.17.26:199][475]LogBlueprintUserMessages: [MyPlayer] Hello
[2019.05.26-08.17.27:541][636]LogBlueprintUserMessages: [MyPlayer] Hello
[2019.05.26-08.17.40:248][157]LogBlueprintUserMessages: Early EndPlayMap Detection: Level '/Game/_MyContent/Maps/Level_1.Level_1:PersistentLevel' has LevelScriptBlueprint '/Game/_MyContent/Maps/Level_1.Level_1:PersistentLevel.Level_1' with GeneratedClass '/Game/_MyContent/Maps/Level_1.Level_1_C' with ClassGeneratedBy '/Game/_MyContent/Maps/Level_1.Level_1:PersistentLevel.Level_1'
[2019.05.26-08.17.40:249][157]LogSlate: Updating window title bar state: overlay mode, drag disabled, window buttons hidden, title bar hidden
[2019.05.26-08.17.40:267][157]LogSlate: Window 'pbateman_platformer Game Preview Standalone (64-bit/PCD3D_SM5)' being destroyed
[2019.05.26-08.17.40:309][157]LogPlayLevel: Display: Shutting down PIE online subsystems
[2019.05.26-08.17.40:309][157]LogBlueprintUserMessages: Late EndPlayMap Detection: Level '/Game/_MyContent/Maps/Level_1.Level_1:PersistentLevel' has LevelScriptBlueprint '/Game/_MyContent/Maps/Level_1.Level_1:PersistentLevel.Level_1' with GeneratedClass '/Game/_MyContent/Maps/Level_1.Level_1_C' with ClassGeneratedBy '/Game/_MyContent/Maps/Level_1.Level_1:PersistentLevel.Level_1'
[2019.05.26-08.17.40:369][158]LogPlayLevel: Display: Destroying online subsystem :Context_5
[2019.05.26-08.20.14:002][809]LogAssetTools: Warning: Failed to import '../../../../../../Users/Pete/Desktop/!Game Programming Foundations/Resources/Final Fantasy VII  - Fanfare intro.ogg'. Unknown extension 'ogg'.
[2019.05.26-08.20.52:760][615]LogUnrealEdMisc: Warning: Heartbeat event firing too frequently (38.742 sec). This should never happen. Something is wrong with the timer delegate!
[2019.05.26-08.21.18:621][954]LogFactory: FactoryCreateFile: FileMediaSource with WmfFileMediaSourceFactory (0 0 ../../../../../../Users/Pete/Desktop/!Game Programming Foundations/Resources/Final Fantasy VII  - Fanfare intro.mp3)
[2019.05.26-08.21.22:838][453]LogAssetEditorManager: Opening Asset editor for FileMediaSource /Game/Audio/SoundEffects/Final_Fantasy_VII__-_Fanfare_intro.Final_Fantasy_VII__-_Fanfare_intro
[2019.05.26-08.21.57:102][962]LogSlate: Window 'Delete Assets' being destroyed
[2019.05.26-08.22.05:791][433]LogFactory: FactoryCreateFile: FileMediaSource with WmfFileMediaSourceFactory (0 0 C:\Users\Pete\Desktop\!Game Programming Foundations\Resources\Final Fantasy VII  - Fanfare intro.mp3)
[2019.05.26-08.22.12:312][469]LogAssetEditorManager: Opening Asset editor for FileMediaSource /Game/Audio/SoundEffects/Final_Fantasy_VII__-_Fanfare_intro.Final_Fantasy_VII__-_Fanfare_intro
[2019.05.26-08.22.41:330][881]LogSlate: Window 'Delete Assets' being destroyed
[2019.05.26-08.23.23:146][210]LogSlate: Window 'Save Content' being destroyed
[2019.05.26-08.23.23:254][210]LogSavePackage: Moving '../../../../../../Users/Pete/Desktop/GitHub/peteplatformer/pbateman_platformer/Saved/BP_DoorCB63A1184726EA46E3DA9A87DF4DC796.tmp' to '../../../../../../Users/Pete/Desktop/GitHub/peteplatformer/pbateman_platformer/Content/_MyContent/Blueprints/BP_Door.uasset'
[2019.05.26-08.23.23:556][210]LogSavePackage: Moving '../../../../../../Users/Pete/Desktop/GitHub/peteplatformer/pbateman_platformer/Saved/Level_1EAE950E84CA3DFB9E7F70CBF47058C48.tmp' to '../../../../../../Users/Pete/Desktop/GitHub/peteplatformer/pbateman_platformer/Content/_MyContent/Maps/Level_1.umap'
[2019.05.26-08.23.23:585][210]LogFileHelpers: Saving map 'Level_1' took 0.325
[2019.05.26-08.23.30:412][ 22]DataValidation: Data validation SUCCEEDED. Files Checked: 0, Passed: 0, Failed: 0, Skipped: 0, Unable to validate: 0
[2019.05.26-08.23.32:699][295]LogSlate: Window 'Message Log' being destroyed
[2019.05.26-08.23.32:705][295]LogSlate: Window 'Message Log' being destroyed
[2019.05.26-08.23.37:798][903]LogAssetEditorManager: Opening Asset editor for Blueprint /Game/_MyContent/Blueprints/BP_Key.BP_Key
[2019.05.26-08.23.38:040][903]LogAssetEditorManager: Opening Asset editor for Blueprint /Game/_MyContent/Blueprints/BP_MyGameManager.BP_MyGameManager
[2019.05.26-08.23.51:079][393]Cmd: MAP CHECK
[2019.05.26-08.23.51:079][393]MapCheck: New page: Level_1 - 27 May 2019 4:23:51 am
[2019.05.26-08.23.51:082][393]MapCheck: Map check complete: 0 Error(s), 0 Warning(s), took 3.319ms to complete.
[2019.05.26-08.23.52:577][571]LogSlate: Window 'Message Log' being destroyed
[2019.05.26-08.23.52:582][571]LogSlate: Window 'Message Log' being destroyed
[2019.05.26-08.25.03:317][344]LogActorComponent: UnregisterComponent: (/Engine/Transient.EditorFloorComp) Not registered. Aborting.
[2019.05.26-08.25.03:370][344]LogActorComponent: UnregisterComponent: (/Engine/Transient.EditorFloorComp) Not registered. Aborting.
[2019.05.26-08.25.03:436][344]LogSlate: Window 'pbateman_platformer - Unreal Editor' being destroyed
[2019.05.26-08.25.03:439][344]LogWindowsTextInputMethodSystem: Display: IME system now deactivated.
[2019.05.26-08.25.03:676][345]Cmd: QUIT_EDITOR
[2019.05.26-08.25.04:678][345]LogExit: Preparing to exit.
[2019.05.26-08.25.05:019][345]LogExit: Editor shut down
[2019.05.26-08.25.05:019][345]LogExit: Transaction tracking system shut down
[2019.05.26-08.25.05:231][345]LogExit: Object subsystem successfully closed.
[2019.05.26-08.25.05:250][345]LogShaderCompilers: Display: Shaders left to compile 0
[2019.05.26-08.25.05:253][345]LogD3D11RHI: Shutdown
[2019.05.26-08.25.05:253][345]LogD3D11RHI: CleanupD3DDevice
[2019.05.26-08.25.05:254][345]LogD3D11RHI: ~FD3D11DynamicRHI
[2019.05.26-08.25.05:270][345]LogModuleManager: Shutting down and abandoning module MovieSceneCapture (628)
[2019.05.26-08.25.05:270][345]LogModuleManager: Shutting down and abandoning module Voice (626)
[2019.05.26-08.25.05:270][345]LogModuleManager: Shutting down and abandoning module BlueprintGraph (624)
[2019.05.26-08.25.05:270][345]LogModuleManager: Shutting down and abandoning module HierarchicalLODOutliner (622)
[2019.05.26-08.25.05:270][345]LogModuleManager: Shutting down and abandoning module SceneOutliner (620)
[2019.05.26-08.25.05:270][345]LogModuleManager: Shutting down and abandoning module AddContentDialog (618)
[2019.05.26-08.25.05:270][345]LogModuleManager: Shutting down and abandoning module WidgetCarousel (617)
[2019.05.26-08.25.05:270][345]LogModuleManager: Shutting down and abandoning module EditorWidgets (614)
[2019.05.26-08.25.05:270][345]LogModuleManager: Shutting down and abandoning module CollectionManager (612)
[2019.05.26-08.25.05:270][345]LogModuleManager: Shutting down and abandoning module StatsViewer (610)
[2019.05.26-08.25.05:270][345]LogModuleManager: Shutting down and abandoning module FoliageEdit (608)
[2019.05.26-08.25.05:270][345]LogModuleManager: Shutting down and abandoning module LandscapeEditor (606)
[2019.05.26-08.25.05:271][345]LogModuleManager: Shutting down and abandoning module MeshPaintMode (604)
[2019.05.26-08.25.05:271][345]LogModuleManager: Shutting down and abandoning module SceneDepthPickerMode (602)
[2019.05.26-08.25.05:271][345]LogModuleManager: Shutting down and abandoning module ActorPickerMode (600)
[2019.05.26-08.25.05:271][345]LogModuleManager: Shutting down and abandoning module GeometryMode (598)
[2019.05.26-08.25.05:271][345]LogModuleManager: Shutting down and abandoning module TextureAlignMode (596)
[2019.05.26-08.25.05:271][345]LogModuleManager: Shutting down and abandoning module BspMode (594)
[2019.05.26-08.25.05:271][345]LogModuleManager: Shutting down and abandoning module PIEPreviewDeviceProfileSelector (592)
[2019.05.26-08.25.05:271][345]LogModuleManager: Shutting down and abandoning module SequenceRecorderSections (590)
[2019.05.26-08.25.05:271][345]LogModuleManager: Shutting down and abandoning module AutomationWorker (588)
[2019.05.26-08.25.05:271][345]LogModuleManager: Shutting down and abandoning module AudioCaptureEditor (586)
[2019.05.26-08.25.05:271][345]LogModuleManager: Shutting down and abandoning module MatineeToLevelSequence (584)
[2019.05.26-08.25.05:271][345]LogModuleManager: Shutting down and abandoning module LevelSequenceEditor (582)
[2019.05.26-08.25.05:271][345]LogModuleManager: Shutting down and abandoning module PlacementMode (581)
[2019.05.26-08.25.05:271][345]LogModuleManager: Shutting down and abandoning module MaterialEditor (580)
[2019.05.26-08.25.05:271][345]LogModuleManager: Shutting down and abandoning module WmfMediaFactory (576)
[2019.05.26-08.25.05:271][345]LogModuleManager: Shutting down and abandoning module WmfMediaEditor (574)
[2019.05.26-08.25.05:271][345]LogModuleManager: Shutting down and abandoning module WebMMediaFactory (572)
[2019.05.26-08.25.05:271][345]LogModuleManager: Shutting down and abandoning module WebMMediaEditor (570)
[2019.05.26-08.25.05:271][345]LogModuleManager: Shutting down and abandoning module WebMMedia (568)
[2019.05.26-08.25.05:271][345]LogModuleManager: Shutting down and abandoning module MediaPlayerEditor (566)
[2019.05.26-08.25.05:271][345]LogModuleManager: Shutting down and abandoning module MediaCompositingEditor (564)
[2019.05.26-08.25.05:271][345]LogModuleManager: Shutting down and abandoning module SequenceRecorder (563)
[2019.05.26-08.25.05:271][345]LogModuleManager: Shutting down and abandoning module OpenExrWrapper (560)
[2019.05.26-08.25.05:271][345]LogModuleManager: Shutting down and abandoning module ImgMediaFactory (558)
[2019.05.26-08.25.05:271][345]LogModuleManager: Shutting down and abandoning module ImgMediaEditor (556)
[2019.05.26-08.25.05:271][345]LogModuleManager: Shutting down and abandoning module AvfMediaFactory (554)
[2019.05.26-08.25.05:271][345]LogModuleManager: Shutting down and abandoning module AvfMediaEditor (552)
[2019.05.26-08.25.05:271][345]LogModuleManager: Shutting down and abandoning module AndroidMediaFactory (550)
[2019.05.26-08.25.05:271][345]LogModuleManager: Shutting down and abandoning module AndroidMediaEditor (548)
[2019.05.26-08.25.05:271][345]LogModuleManager: Shutting down and abandoning module MagicLeapCameraPreviewFactory (546)
[2019.05.26-08.25.05:271][345]LogModuleManager: Shutting down and abandoning module MagicLeapMediaFactory (544)
[2019.05.26-08.25.05:271][345]LogModuleManager: Shutting down and abandoning module MagicLeapMediaEditor (542)
[2019.05.26-08.25.05:271][345]LogModuleManager: Shutting down and abandoning module CharacterAI (540)
[2019.05.26-08.25.05:271][345]LogModuleManager: Shutting down and abandoning module SmartSnapping (538)
[2019.05.26-08.25.05:271][345]LogModuleManager: Shutting down and abandoning module SessionServices (536)
[2019.05.26-08.25.05:271][345]LogModuleManager: Shutting down and abandoning module ViewportSnapping (534)
[2019.05.26-08.25.05:271][345]LogModuleManager: Shutting down and abandoning module ViewportInteraction (532)
[2019.05.26-08.25.05:271][345]LogModuleManager: Shutting down and abandoning module ClothPainter (530)
[2019.05.26-08.25.05:271][345]LogModuleManager: Shutting down and abandoning module SkeletalMeshEditor (529)
[2019.05.26-08.25.05:271][345]LogModuleManager: Shutting down and abandoning module LogVisualizer (526)
[2019.05.26-08.25.05:271][345]LogModuleManager: Shutting down and abandoning module IntroTutorials (524)
[2019.05.26-08.25.05:271][345]LogModuleManager: Shutting down and abandoning module GameProjectGeneration (523)
[2019.05.26-08.25.05:271][345]LogModuleManager: Shutting down and abandoning module LuminPlatformEditor (520)
[2019.05.26-08.25.05:271][345]LogModuleManager: Shutting down and abandoning module IOSPlatformEditor (518)
[2019.05.26-08.25.05:271][345]LogModuleManager: Shutting down and abandoning module HTML5PlatformEditor (516)
[2019.05.26-08.25.05:272][345]LogModuleManager: Shutting down and abandoning module AndroidPlatformEditor (514)
[2019.05.26-08.25.05:272][345]LogModuleManager: Shutting down and abandoning module AndroidDeviceDetection (513)
[2019.05.26-08.25.05:611][345]LogModuleManager: Shutting down and abandoning module WindowsPlatformEditor (510)
[2019.05.26-08.25.05:611][345]LogModuleManager: Shutting down and abandoning module LuminRuntimeSettings (508)
[2019.05.26-08.25.05:611][345]LogModuleManager: Shutting down and abandoning module IOSRuntimeSettings (506)
[2019.05.26-08.25.05:611][345]LogModuleManager: Shutting down and abandoning module AndroidRuntimeSettings (504)
[2019.05.26-08.25.05:611][345]LogModuleManager: Shutting down and abandoning module TimeManagementEditor (502)
[2019.05.26-08.25.05:611][345]LogModuleManager: Shutting down and abandoning module InputBindingEditor (500)
[2019.05.26-08.25.05:611][345]LogModuleManager: Shutting down and abandoning module MergeActors (498)
[2019.05.26-08.25.05:611][345]LogModuleManager: Shutting down and abandoning module LocalizationDashboard (496)
[2019.05.26-08.25.05:611][345]LogModuleManager: Shutting down and abandoning module LocalizationService (495)
[2019.05.26-08.25.05:612][345]LogModuleManager: Shutting down and abandoning module HardwareTargeting (492)
[2019.05.26-08.25.05:612][345]LogModuleManager: Shutting down and abandoning module DeviceProfileEditor (490)
[2019.05.26-08.25.05:612][345]LogModuleManager: Shutting down and abandoning module UndoHistory (488)
[2019.05.26-08.25.05:612][345]LogModuleManager: Shutting down and abandoning module XmlParser (486)
[2019.05.26-08.25.05:612][345]LogModuleManager: Shutting down and abandoning module Blutility (484)
[2019.05.26-08.25.05:612][345]LogModuleManager: Shutting down and abandoning module ProjectSettingsViewer (482)
[2019.05.26-08.25.05:612][345]LogModuleManager: Shutting down and abandoning module ProjectTargetPlatformEditor (481)
[2019.05.26-08.25.05:612][345]LogModuleManager: Shutting down and abandoning module EditorSettingsViewer (478)
[2019.05.26-08.25.05:612][345]LogModuleManager: Shutting down and abandoning module SettingsEditor (476)
[2019.05.26-08.25.05:612][345]LogModuleManager: Shutting down and abandoning module ProjectLauncher (474)
[2019.05.26-08.25.05:612][345]LogModuleManager: Shutting down and abandoning module SessionFrontend (472)
[2019.05.26-08.25.05:612][345]LogModuleManager: Shutting down and abandoning module ProfilerClient (470)
[2019.05.26-08.25.05:612][345]LogModuleManager: Shutting down and abandoning module DeviceManager (468)
[2019.05.26-08.25.05:612][345]LogModuleManager: Shutting down and abandoning module TargetDeviceServices (467)
[2019.05.26-08.25.05:666][345]LogModuleManager: Shutting down and abandoning module AutomationController (464)
[2019.05.26-08.25.05:666][345]LogModuleManager: Shutting down and abandoning module AutomationWindow (462)
[2019.05.26-08.25.05:666][345]LogModuleManager: Shutting down and abandoning module Layers (460)
[2019.05.26-08.25.05:666][345]LogModuleManager: Shutting down and abandoning module ComponentVisualizers (458)
[2019.05.26-08.25.05:666][345]LogModuleManager: Shutting down and abandoning module DetailCustomizations (456)
[2019.05.26-08.25.05:666][345]LogModuleManager: Shutting down and abandoning module PackagesDialog (454)
[2019.05.26-08.25.05:666][345]LogModuleManager: Shutting down and abandoning module Persona (452)
[2019.05.26-08.25.05:666][345]LogModuleManager: Shutting down and abandoning module AdvancedPreviewScene (451)
[2019.05.26-08.25.05:666][345]LogModuleManager: Shutting down and abandoning module AnimGraph (449)
[2019.05.26-08.25.05:666][345]LogModuleManager: Shutting down and abandoning module Kismet (446)
[2019.05.26-08.25.05:669][345]LogModuleManager: Shutting down and abandoning module GraphEditor (444)
[2019.05.26-08.25.05:669][345]LogModuleManager: Shutting down and abandoning module ClassViewer (442)
[2019.05.26-08.25.05:669][345]LogModuleManager: Shutting down and abandoning module Toolbox (440)
[2019.05.26-08.25.05:669][345]LogModuleManager: Shutting down and abandoning module ModuleUI (438)
[2019.05.26-08.25.05:669][345]LogModuleManager: Shutting down and abandoning module MovieSceneTools (436)
[2019.05.26-08.25.05:669][345]LogModuleManager: Shutting down and abandoning module OutputLog (434)
[2019.05.26-08.25.05:669][345]LogModuleManager: Shutting down and abandoning module GammaUI (432)
[2019.05.26-08.25.05:669][345]LogModuleManager: Shutting down and abandoning module Documentation (430)
[2019.05.26-08.25.05:669][345]LogModuleManager: Shutting down and abandoning module MovieSceneTracks (428)
[2019.05.26-08.25.05:669][345]LogModuleManager: Shutting down and abandoning module MovieScene (426)
[2019.05.26-08.25.05:669][345]LogModuleManager: Shutting down and abandoning module StreamingPauseRendering (424)
[2019.05.26-08.25.05:669][345]LogModuleManager: Shutting down and abandoning module LauncherPlatform (422)
[2019.05.26-08.25.05:669][345]LogModuleManager: Shutting down and abandoning module AnalyticsET (420)
[2019.05.26-08.25.05:669][345]LogModuleManager: Shutting down and abandoning module PortalServices (418)
[2019.05.26-08.25.05:669][345]LogModuleManager: Shutting down and abandoning module PortalRpc (416)
[2019.05.26-08.25.05:669][345]LogModuleManager: Shutting down and abandoning module MessagingRpc (414)
[2019.05.26-08.25.05:669][345]LogModuleManager: Shutting down and abandoning module AIModule (412)
[2019.05.26-08.25.05:670][345]LogModuleManager: Shutting down and abandoning module GameplayDebugger (411)
[2019.05.26-08.25.05:670][345]LogModuleManager: Shutting down and abandoning module AITestSuite (409)
[2019.05.26-08.25.05:670][345]LogModuleManager: Shutting down and abandoning module NavigationSystem (407)
[2019.05.26-08.25.05:670][345]LogModuleManager: Shutting down and abandoning module DesktopPlatform (404)
[2019.05.26-08.25.05:670][345]LogModuleManager: Shutting down and abandoning module ImageWriteQueue (402)
[2019.05.26-08.25.05:672][345]LogModuleManager: Shutting down and abandoning module ProfilerService (400)
[2019.05.26-08.25.05:856][345]LogModuleManager: Shutting down and abandoning module TaskGraph (398)
[2019.05.26-08.25.05:856][345]LogModuleManager: Shutting down and abandoning module SteamVRController (396)
[2019.05.26-08.25.05:856][345]LogModuleManager: Shutting down and abandoning module ProceduralMeshComponentEditor (394)
[2019.05.26-08.25.05:856][345]LogModuleManager: Shutting down and abandoning module ProceduralMeshComponent (392)
[2019.05.26-08.25.05:856][345]LogModuleManager: Shutting down and abandoning module OculusInput (390)
[2019.05.26-08.25.05:856][345]LogModuleManager: Shutting down and abandoning module MobilePatchingUtils (388)
[2019.05.26-08.25.05:856][345]LogModuleManager: Shutting down and abandoning module EditableMesh (386)
[2019.05.26-08.25.05:856][345]LogModuleManager: Shutting down and abandoning module CustomMeshComponent (384)
[2019.05.26-08.25.05:856][345]LogModuleManager: Shutting down and abandoning module CableComponent (382)
[2019.05.26-08.25.05:856][345]LogModuleManager: Shutting down and abandoning module AudioCapture (380)
[2019.05.26-08.25.05:856][345]LogModuleManager: Shutting down and abandoning module ArchVisCharacter (378)
[2019.05.26-08.25.05:856][345]LogModuleManager: Shutting down and abandoning module AndroidPermission (376)
[2019.05.26-08.25.05:856][345]LogModuleManager: Shutting down and abandoning module NUTUnrealEngine4 (374)
[2019.05.26-08.25.05:856][345]LogModuleManager: Shutting down and abandoning module NetcodeUnitTest (372)
[2019.05.26-08.25.05:856][345]LogModuleManager: Shutting down and abandoning module MediaCompositing (370)
[2019.05.26-08.25.05:856][345]LogModuleManager: Shutting down and abandoning module LinearTimecode (368)
[2019.05.26-08.25.05:856][345]LogModuleManager: Shutting down and abandoning module ImgMedia (366)
[2019.05.26-08.25.05:862][345]LogModuleManager: Shutting down and abandoning module HTML5Networking (364)
[2019.05.26-08.25.05:862][345]LogModuleManager: Shutting down and abandoning module GeometryCacheTracks (362)
[2019.05.26-08.25.05:862][345]LogModuleManager: Shutting down and abandoning module GeometryCacheSequencer (360)
[2019.05.26-08.25.05:862][345]LogModuleManager: Shutting down and abandoning module BackChannel (358)
[2019.05.26-08.25.05:862][345]LogModuleManager: Shutting down and abandoning module AppleVision (356)
[2019.05.26-08.25.05:862][345]LogModuleManager: Shutting down and abandoning module AppleImageUtilsBlueprintSupport (354)
[2019.05.26-08.25.05:862][345]LogModuleManager: Shutting down and abandoning module AppleImageUtils (352)
[2019.05.26-08.25.05:862][345]LogModuleManager: Shutting down and abandoning module AlembicImporter (350)
[2019.05.26-08.25.05:862][345]LogModuleManager: Shutting down and abandoning module AlembicLibrary (349)
[2019.05.26-08.25.05:862][345]LogModuleManager: Shutting down and abandoning module GeometryCache (348)
[2019.05.26-08.25.05:862][345]LogModuleManager: Shutting down and abandoning module GeometryCacheEd (347)
[2019.05.26-08.25.05:862][345]LogModuleManager: Shutting down and abandoning module VariantManagerContent (342)
[2019.05.26-08.25.05:862][345]LogModuleManager: Shutting down and abandoning module DatasmithContentEditor (340)
[2019.05.26-08.25.05:862][345]LogModuleManager: Shutting down and abandoning module SpeedTreeImporter (338)
[2019.05.26-08.25.05:862][345]LogModuleManager: Shutting down and abandoning module PluginBrowser (336)
[2019.05.26-08.25.05:862][345]LogModuleManager: Shutting down and abandoning module MobileLauncherProfileWizard (334)
[2019.05.26-08.25.05:862][345]LogModuleManager: Shutting down and abandoning module PolygonModeling (332)
[2019.05.26-08.25.05:862][345]LogModuleManager: Shutting down and abandoning module MeshEditor (330)
[2019.05.26-08.25.05:862][345]LogModuleManager: Shutting down and abandoning module CryptoKeysOpenSSL (328)
[2019.05.26-08.25.05:862][345]LogModuleManager: Shutting down and abandoning module CryptoKeys (326)
[2019.05.26-08.25.05:862][345]LogModuleManager: Shutting down and abandoning module VisualStudioSourceCodeAccess (324)
[2019.05.26-08.25.05:862][345]LogModuleManager: Shutting down and abandoning module VisualStudioCodeSourceCodeAccess (322)
[2019.05.26-08.25.05:862][345]LogModuleManager: Shutting down and abandoning module UObjectPlugin (320)
[2019.05.26-08.25.05:862][345]LogModuleManager: Shutting down and abandoning module SubversionSourceControl (318)
[2019.05.26-08.25.05:862][345]LogModuleManager: Shutting down and abandoning module PerforceSourceControl (316)
[2019.05.26-08.25.05:862][345]LogModuleManager: Shutting down and abandoning module GitSourceControl (314)
[2019.05.26-08.25.05:862][345]LogModuleManager: Shutting down and abandoning module SourceControl (313)
[2019.05.26-08.25.05:862][345]LogModuleManager: Shutting down and abandoning module CLionSourceCodeAccess (310)
[2019.05.26-08.25.05:863][345]LogModuleManager: Shutting down and abandoning module ActorLayerUtilitiesEditor (308)
[2019.05.26-08.25.05:863][345]LogModuleManager: Shutting down and abandoning module ActorLayerUtilities (306)
[2019.05.26-08.25.05:863][345]LogModuleManager: Shutting down and abandoning module LightPropagationVolumeEditor (304)
[2019.05.26-08.25.05:863][345]LogModuleManager: Shutting down and abandoning module PaperTiledImporter (302)
[2019.05.26-08.25.05:863][345]LogModuleManager: Shutting down and abandoning module PaperSpriteSheetImporter (300)
[2019.05.26-08.25.05:863][345]LogModuleManager: Shutting down and abandoning module Paper2DEditor (298)
[2019.05.26-08.25.05:863][345]LogModuleManager: Shutting down and abandoning module MeshPaint (297)
[2019.05.26-08.25.05:863][345]LogModuleManager: Shutting down and abandoning module RuntimePhysXCooking (294)
[2019.05.26-08.25.05:863][345]LogModuleManager: Shutting down and abandoning module PhysXVehiclesEditor (292)
[2019.05.26-08.25.05:863][345]LogModuleManager: Shutting down and abandoning module PhysXVehicles (290)
[2019.05.26-08.25.05:863][345]LogModuleManager: Shutting down and abandoning module OculusEditor (288)
[2019.05.26-08.25.05:863][345]LogModuleManager: Shutting down and abandoning module LocationServicesBPLibrary (286)
[2019.05.26-08.25.05:863][345]LogModuleManager: Shutting down and abandoning module ActorSequence (284)
[2019.05.26-08.25.05:863][345]LogModuleManager: Shutting down and abandoning module UdpMessaging (282)
[2019.05.26-08.25.05:963][345]LogModuleManager: Shutting down and abandoning module TcpMessaging (280)
[2019.05.26-08.25.06:064][345]LogModuleManager: Shutting down and abandoning module MagicLeapAudio (278)
[2019.05.26-08.25.06:064][345]LogModuleManager: Shutting down and abandoning module GameplayTagsEditor (276)
[2019.05.26-08.25.06:064][345]LogModuleManager: Shutting down and abandoning module FacialAnimationEditor (274)
[2019.05.26-08.25.06:064][345]LogModuleManager: Shutting down and abandoning module FacialAnimation (272)
[2019.05.26-08.25.06:064][345]LogModuleManager: Shutting down and abandoning module DataValidation (270)
[2019.05.26-08.25.06:064][345]LogModuleManager: Shutting down and abandoning module AssetManagerEditor (268)
[2019.05.26-08.25.06:064][345]LogModuleManager: Shutting down and abandoning module LevelEditor (267)
[2019.05.26-08.25.06:064][345]LogModuleManager: Shutting down and abandoning module PixelInspectorModule (266)
[2019.05.26-08.25.06:064][345]LogModuleManager: Shutting down and abandoning module CommonMenuExtensions (264)
[2019.05.26-08.25.06:064][345]LogModuleManager: Shutting down and abandoning module MainFrame (262)
[2019.05.26-08.25.06:064][345]LogModuleManager: Shutting down and abandoning module HotReload (261)
[2019.05.26-08.25.06:065][345]LogModuleManager: Shutting down and abandoning module ContentBrowser (257)
[2019.05.26-08.25.06:065][345]LogModuleManager: Shutting down and abandoning module TreeMap (255)
[2019.05.26-08.25.06:065][345]LogModuleManager: Shutting down and abandoning module LightPropagationVolumeRuntime (252)
[2019.05.26-08.25.06:065][345]LogModuleManager: Shutting down and abandoning module AISupportModule (250)
[2019.05.26-08.25.06:065][345]LogModuleManager: Shutting down and abandoning module Paper2D (248)
[2019.05.26-08.25.06:065][345]LogModuleManager: Shutting down and abandoning module WindowsMoviePlayer (246)
[2019.05.26-08.25.06:065][345]LogModuleManager: Shutting down and abandoning module WebMMoviePlayer (244)
[2019.05.26-08.25.06:065][345]LogModuleManager: Shutting down and abandoning module WmfMedia (242)
[2019.05.26-08.25.06:070][345]LogModuleManager: Shutting down and abandoning module Media (241)
[2019.05.26-08.25.06:077][345]LogModuleManager: Shutting down and abandoning module PacketHandler (238)
[2019.05.26-08.25.06:077][345]LogModuleManager: Shutting down and abandoning module ClothingSystemEditor (236)
[2019.05.26-08.25.06:077][345]LogModuleManager: Shutting down and abandoning module ClothingSystemRuntime (234)
[2019.05.26-08.25.06:077][345]LogModuleManager: Shutting down and abandoning module MediaAssets (232)
[2019.05.26-08.25.06:077][345]LogModuleManager: Shutting down and abandoning module Overlay (230)
[2019.05.26-08.25.06:077][345]LogModuleManager: Shutting down and abandoning module OverlayEditor (229)
[2019.05.26-08.25.06:077][345]LogModuleManager: Shutting down and abandoning module VREditor (226)
[2019.05.26-08.25.06:077][345]LogModuleManager: Shutting down and abandoning module StringTableEditor (224)
[2019.05.26-08.25.06:077][345]LogModuleManager: Shutting down and abandoning module GameplayTasksEditor (222)
[2019.05.26-08.25.06:077][345]LogModuleManager: Shutting down and abandoning module BehaviorTreeEditor (220)
[2019.05.26-08.25.06:077][345]LogModuleManager: Shutting down and abandoning module FunctionalTesting (218)
[2019.05.26-08.25.06:077][345]LogModuleManager: Shutting down and abandoning module CollisionAnalyzer (216)
[2019.05.26-08.25.06:077][345]LogModuleManager: Shutting down and abandoning module WorkspaceMenuStructure (215)
[2019.05.26-08.25.06:077][345]LogModuleManager: Shutting down and abandoning module UMG (212)
[2019.05.26-08.25.06:078][345]LogModuleManager: Shutting down and abandoning module UMGEditor (211)
[2019.05.26-08.25.06:078][345]LogModuleManager: Shutting down and abandoning module Sequencer (210)
[2019.05.26-08.25.06:078][345]LogModuleManager: Shutting down and abandoning module MessageLog (207)
[2019.05.26-08.25.06:078][345]LogModuleManager: Shutting down and abandoning module SlateReflector (202)
[2019.05.26-08.25.06:078][345]LogModuleManager: Shutting down and abandoning module Slate (200)
[2019.05.26-08.25.06:078][345]LogModuleManager: Shutting down and abandoning module EditorStyle (198)
[2019.05.26-08.25.06:079][345]LogModuleManager: Shutting down and abandoning module MRMesh (196)
[2019.05.26-08.25.06:079][345]LogModuleManager: Shutting down and abandoning module SourceCodeAccess (194)
[2019.05.26-08.25.06:079][345]LogModuleManager: Shutting down and abandoning module HeadMountedDisplay (192)
[2019.05.26-08.25.06:079][345]LogModuleManager: Shutting down and abandoning module XAudio2 (190)
[2019.05.26-08.25.06:079][345]LogModuleManager: Shutting down and abandoning module Networking (188)
[2019.05.26-08.25.06:079][345]LogModuleManager: Shutting down and abandoning module Core (186)
[2019.05.26-08.25.06:079][345]LogModuleManager: Shutting down and abandoning module LevelSequence (184)
[2019.05.26-08.25.06:079][345]LogModuleManager: Shutting down and abandoning module KismetCompiler (182)
[2019.05.26-08.25.06:079][345]LogModuleManager: Shutting down and abandoning module MeshUtilities (180)
[2019.05.26-08.25.06:079][345]LogModuleManager: Shutting down and abandoning module MeshMergeUtilities (179)
[2019.05.26-08.25.06:079][345]LogModuleManager: Shutting down and abandoning module MeshReductionInterface (178)
[2019.05.26-08.25.06:079][345]LogModuleManager: Shutting down and abandoning module SimplygonSwarm (177)
[2019.05.26-08.25.06:079][345]LogModuleManager: Shutting down and abandoning module ProxyLODMeshReduction (175)
[2019.05.26-08.25.06:079][345]LogModuleManager: Shutting down and abandoning module SimplygonMeshReduction (173)
[2019.05.26-08.25.06:079][345]LogModuleManager: Shutting down and abandoning module QuadricMeshReduction (171)
[2019.05.26-08.25.06:079][345]LogModuleManager: Shutting down and abandoning module MaterialBaking (167)
[2019.05.26-08.25.06:079][345]LogModuleManager: Shutting down and abandoning module DirectoryWatcher (163)
[2019.05.26-08.25.06:079][345]LogModuleManager: Shutting down and abandoning module DerivedDataCache (160)
[2019.05.26-08.25.06:164][345]LogDerivedDataCache: Shutdown
[2019.05.26-08.25.06:164][345]LogModuleManager: Shutting down and abandoning module XGEController (158)
[2019.05.26-08.25.06:165][345]LogModuleManager: Shutting down and abandoning module TargetPlatform (156)
[2019.05.26-08.25.06:165][345]LogModuleManager: Shutting down and abandoning module VulkanShaderFormat (155)
[2019.05.26-08.25.06:165][345]LogModuleManager: Shutting down and abandoning module ShaderFormatVectorVM (153)
[2019.05.26-08.25.06:165][345]LogModuleManager: Shutting down and abandoning module ShaderFormatOpenGL (151)
[2019.05.26-08.25.06:165][345]LogModuleManager: Shutting down and abandoning module ShaderFormatD3D (149)
[2019.05.26-08.25.06:165][345]LogModuleManager: Shutting down and abandoning module MetalShaderFormat (147)
[2019.05.26-08.25.06:165][345]LogModuleManager: Shutting down and abandoning module TextureFormatUncompressed (145)
[2019.05.26-08.25.06:165][345]LogModuleManager: Shutting down and abandoning module TextureFormatPVR (143)
[2019.05.26-08.25.06:165][345]LogModuleManager: Shutting down and abandoning module TextureFormatDXT (141)
[2019.05.26-08.25.06:165][345]LogModuleManager: Shutting down and abandoning module TextureFormatIntelISPCTexComp (139)
[2019.05.26-08.25.06:165][345]LogModuleManager: Shutting down and abandoning module TextureFormatASTC (137)
[2019.05.26-08.25.06:165][345]LogModuleManager: Shutting down and abandoning module ImageWrapper (136)
[2019.05.26-08.25.06:165][345]LogModuleManager: Shutting down and abandoning module TextureFormatAndroid (133)
[2019.05.26-08.25.06:165][345]LogModuleManager: Shutting down and abandoning module AudioFormatOpus (131)
[2019.05.26-08.25.06:165][345]LogModuleManager: Shutting down and abandoning module AudioFormatOgg (129)
[2019.05.26-08.25.06:165][345]LogModuleManager: Shutting down and abandoning module AudioFormatADPCM (127)
[2019.05.26-08.25.06:165][345]LogModuleManager: Shutting down and abandoning module LuminTargetPlatform (125)
[2019.05.26-08.25.06:165][345]LogModuleManager: Shutting down and abandoning module LinuxTargetPlatform (123)
[2019.05.26-08.25.06:165][345]LogModuleManager: Shutting down and abandoning module LinuxServerTargetPlatform (121)
[2019.05.26-08.25.06:165][345]LogModuleManager: Shutting down and abandoning module LinuxNoEditorTargetPlatform (119)
[2019.05.26-08.25.06:165][345]LogModuleManager: Shutting down and abandoning module LinuxClientTargetPlatform (117)
[2019.05.26-08.25.06:165][345]LogModuleManager: Shutting down and abandoning module TVOSTargetPlatform (115)
[2019.05.26-08.25.06:166][345]LogModuleManager: Shutting down and abandoning module Messaging (113)
[2019.05.26-08.25.06:166][345]LogModuleManager: Shutting down and abandoning module IOSTargetPlatform (111)
[2019.05.26-08.25.06:166][345]LogModuleManager: Shutting down and abandoning module HTML5TargetPlatform (109)
[2019.05.26-08.25.06:166][345]LogModuleManager: Shutting down and abandoning module AndroidTargetPlatform (107)
[2019.05.26-08.25.06:170][345]LogModuleManager: Shutting down and abandoning module WindowsTargetPlatform (105)
[2019.05.26-08.25.06:170][345]LogModuleManager: Shutting down and abandoning module WindowsServerTargetPlatform (103)
[2019.05.26-08.25.06:170][345]LogModuleManager: Shutting down and abandoning module WindowsNoEditorTargetPlatform (101)
[2019.05.26-08.25.06:170][345]LogModuleManager: Shutting down and abandoning module WindowsClientTargetPlatform (99)
[2019.05.26-08.25.06:170][345]LogModuleManager: Shutting down and abandoning module MacTargetPlatform (97)
[2019.05.26-08.25.06:170][345]LogModuleManager: Shutting down and abandoning module MacServerTargetPlatform (95)
[2019.05.26-08.25.06:170][345]LogModuleManager: Shutting down and abandoning module MacNoEditorTargetPlatform (93)
[2019.05.26-08.25.06:170][345]LogModuleManager: Shutting down and abandoning module MacClientTargetPlatform (91)
[2019.05.26-08.25.06:170][345]LogModuleManager: Shutting down and abandoning module AllDesktopTargetPlatform (89)
[2019.05.26-08.25.06:170][345]LogModuleManager: Shutting down and abandoning module InputCore (86)
[2019.05.26-08.25.06:170][345]LogModuleManager: Shutting down and abandoning module Settings (84)
[2019.05.26-08.25.06:170][345]LogModuleManager: Shutting down and abandoning module PhysXCooking (82)
[2019.05.26-08.25.06:170][345]LogModuleManager: Shutting down and abandoning module SteamVR (80)
[2019.05.26-08.25.06:171][345]LogHMD: Freeing OpenVRDLLHandle.
[2019.05.26-08.25.06:171][345]LogModuleManager: Shutting down and abandoning module OculusHMD (78)
[2019.05.26-08.25.06:171][345]LogModuleManager: Shutting down and abandoning module ExampleDeviceProfileSelector (76)
[2019.05.26-08.25.06:171][345]LogModuleManager: Shutting down and abandoning module LauncherChunkInstaller (74)
[2019.05.26-08.25.06:171][345]LogModuleManager: Shutting down and abandoning module OnlineBlueprintSupport (72)
[2019.05.26-08.25.06:171][345]LogModuleManager: Shutting down and abandoning module OnlineSubsystem (68)
[2019.05.26-08.25.06:171][345]LogModuleManager: Shutting down and abandoning module XMPP (63)
[2019.05.26-08.25.06:171][345]LogModuleManager: Shutting down and abandoning module WebSockets (62)
[2019.05.26-08.25.06:197][345]LogModuleManager: Shutting down and abandoning module HTTP (59)
[2019.05.26-08.25.06:197][345]LogHttp: Display: Http module shutting down, but needs to wait on 1 outstanding Http requests:
[2019.05.26-08.25.06:197][345]LogHttp: Display: 	verb=[POST] url=[https://datarouter.ol.epicgames.com/datarouter/api/v1/public/data?SessionID=%7B1DA86E84-4C08-E825-519A-F79B1C42BF14%7D&AppID=UEEditor.Rocket.Release&AppVersion=4.21.2-4753647%2B%2B%2BUE4%2BRelease-4.21&UserID=7359b05044e9b2e331abd8803de8a1ed%7Cabc24c2bc7494ec8b19bf09ded7f5e0d%7C87e0afc1-4bc4-44ad-ac64-c1426d340e29&AppEnvironment=datacollector-binary&UploadType=eteventstream] status=Processing
[2019.05.26-08.25.06:224][345]LogModuleManager: Shutting down and abandoning module SSL (58)
[2019.05.26-08.25.06:225][345]LogModuleManager: Shutting down and abandoning module MagicLeapIdentity (54)
[2019.05.26-08.25.06:225][345]LogModuleManager: Shutting down and abandoning module MagicLeapHelperVulkan (52)
[2019.05.26-08.25.06:225][345]LogModuleManager: Shutting down and abandoning module MagicLeapHelperOpenGL (50)
[2019.05.26-08.25.06:225][345]LogModuleManager: Shutting down and abandoning module MagicLeapSecureStorage (48)
[2019.05.26-08.25.06:225][345]LogModuleManager: Shutting down and abandoning module MagicLeapHandTracking (46)
[2019.05.26-08.25.06:225][345]LogModuleManager: Shutting down and abandoning module MagicLeapEyeTracker (44)
[2019.05.26-08.25.06:225][345]LogModuleManager: Shutting down and abandoning module MagicLeapController (42)
[2019.05.26-08.25.06:225][345]LogSlate: Slate User Destroyed.  User Index 0, Is Virtual User: 0
[2019.05.26-08.25.06:225][345]LogModuleManager: Shutting down and abandoning module MagicLeap (40)
[2019.05.26-08.25.06:225][345]LogModuleManager: Shutting down and abandoning module DatasmithContent (38)
[2019.05.26-08.25.06:226][345]LogModuleManager: Shutting down and abandoning module AnimationModifiers (36)
[2019.05.26-08.25.06:226][345]LogModuleManager: Shutting down and abandoning module PropertyEditor (35)
[2019.05.26-08.25.06:226][345]LogModuleManager: Shutting down and abandoning module AudioEditor (32)
[2019.05.26-08.25.06:226][345]LogModuleManager: Shutting down and abandoning module TextureCompressor (30)
[2019.05.26-08.25.06:226][345]LogModuleManager: Shutting down and abandoning module ShaderCore (28)
[2019.05.26-08.25.06:226][345]LogModuleManager: Shutting down and abandoning module Landscape (26)
[2019.05.26-08.25.06:226][345]LogModuleManager: Shutting down and abandoning module SlateRHIRenderer (24)
[2019.05.26-08.25.06:226][345]LogModuleManager: Shutting down and abandoning module OpenGLDrv (22)
[2019.05.26-08.25.06:226][345]LogModuleManager: Shutting down and abandoning module D3D11RHI (20)
[2019.05.26-08.25.06:226][345]LogModuleManager: Shutting down and abandoning module AnimGraphRuntime (18)
[2019.05.26-08.25.06:226][345]LogModuleManager: Shutting down and abandoning module Renderer (16)
[2019.05.26-08.25.06:226][345]LogModuleManager: Shutting down and abandoning module Engine (14)
[2019.05.26-08.25.06:226][345]LogModuleManager: Shutting down and abandoning module CoreUObject (12)
[2019.05.26-08.25.06:226][345]LogModuleManager: Shutting down and abandoning module NetworkFile (10)
[2019.05.26-08.25.06:226][345]LogModuleManager: Shutting down and abandoning module CookedIterativeFile (8)
[2019.05.26-08.25.06:226][345]LogModuleManager: Shutting down and abandoning module StreamingFile (6)
[2019.05.26-08.25.06:226][345]LogModuleManager: Shutting down and abandoning module SandboxFile (4)
[2019.05.26-08.25.06:226][345]LogModuleManager: Shutting down and abandoning module PakFile (2)
[2019.05.26-08.25.06:235][345]LogExit: Exiting.
[2019.05.26-08.25.06:253][345]Log file closed, 05/26/19 18:25:06
